#
# There is insufficient memory for the Java Runtime Environment to continue.
# Native memory allocation (mmap) failed to map 82837504 bytes for committing reserved memory.
# Possible reasons:
#   The system is out of physical RAM or swap space
#   In 32 bit mode, the process size limit was hit
# Possible solutions:
#   Reduce memory load on the system
#   Increase physical memory or swap space
#   Check if swap backing store is full
#   Use 64 bit Java on a 64 bit OS
#   Decrease Java heap size (-Xmx/-Xms)
#   Decrease number of Java threads
#   Decrease Java thread stack sizes (-Xss)
#   Set larger code cache with -XX:ReservedCodeCacheSize=
# This output file may be truncated or incomplete.
#
#  Out of Memory Error (os_linux.cpp:2671), pid=31605, tid=140722811086592
#
# JRE version: OpenJDK Runtime Environment (8.0_31-b13) (build 1.8.0_31-b13)
# Java VM: OpenJDK 64-Bit Server VM (25.31-b07 mixed mode linux-amd64 compressed oops)
# Core dump written. Default location: /home/rasse/AndroidStudioProjects/RuokalistatforWear/core or core.31605
#

---------------  T H R E A D  ---------------

Current thread (0x00007ffca813a800):  VMThread [stack: 0x00007ffc951aa000,0x00007ffc952ab000] [id=31619]

Stack: [0x00007ffc951aa000,0x00007ffc952ab000],  sp=0x00007ffc952a94f0,  free space=1021k
Native frames: (J=compiled Java code, j=interpreted, Vv=VM code, C=native code)
V  [libjvm.so+0xa5c127]
V  [libjvm.so+0x4daaac]
V  [libjvm.so+0x8b54d0]
V  [libjvm.so+0x8b051e]
V  [libjvm.so+0x926b0b]
V  [libjvm.so+0x928463]
V  [libjvm.so+0x924b9e]
V  [libjvm.so+0x924e8c]
V  [libjvm.so+0x8da1c3]
V  [libjvm.so+0xa5d942]
V  [libjvm.so+0xa62967]
V  [libjvm.so+0xa60aac]
V  [libjvm.so+0xa612c7]
V  [libjvm.so+0xa61801]
V  [libjvm.so+0x8b29d2]

VM_Operation (0x00007ffcaf3ec3c0): ParallelGCFailedAllocation, mode: safepoint, requested by thread 0x00007ffca8008800


---------------  P R O C E S S  ---------------

Java Threads: ( => current thread )
  0x00007ffca818d800 JavaThread "Service Thread" daemon [_thread_blocked, id=31626, stack(0x00007ffc9491a000,0x00007ffc94a1b000)]
  0x00007ffca8175800 JavaThread "C1 CompilerThread2" daemon [_thread_blocked, id=31625, stack(0x00007ffc94a1b000,0x00007ffc94b1c000)]
  0x00007ffca8174000 JavaThread "C2 CompilerThread1" daemon [_thread_blocked, id=31624, stack(0x00007ffc94b1c000,0x00007ffc94c1d000)]
  0x00007ffca8171000 JavaThread "C2 CompilerThread0" daemon [_thread_blocked, id=31623, stack(0x00007ffc94c1d000,0x00007ffc94d1e000)]
  0x00007ffca816f000 JavaThread "Signal Dispatcher" daemon [_thread_blocked, id=31622, stack(0x00007ffc94d1e000,0x00007ffc94e1f000)]
  0x00007ffca8141800 JavaThread "Finalizer" daemon [_thread_blocked, id=31621, stack(0x00007ffc94fa8000,0x00007ffc950a9000)]
  0x00007ffca813f800 JavaThread "Reference Handler" daemon [_thread_blocked, id=31620, stack(0x00007ffc950a9000,0x00007ffc951aa000)]
  0x00007ffca8008800 JavaThread "main" [_thread_blocked, id=31614, stack(0x00007ffcaf2ed000,0x00007ffcaf3ee000)]

Other Threads:
=>0x00007ffca813a800 VMThread [stack: 0x00007ffc951aa000,0x00007ffc952ab000] [id=31619]
  0x00007ffca818f800 WatcherThread [stack: 0x00007ffc94819000,0x00007ffc9491a000] [id=31627]

VM state:at safepoint (normal execution)

VM Mutex/Monitor currently owned by a thread:  ([mutex/lock_event])
[0x00007ffca80061a0] Threads_lock - owner thread: 0x00007ffca813a800
[0x00007ffca80066a0] Heap_lock - owner thread: 0x00007ffca8008800

Heap:
 PSYoungGen      total 66048K, used 1419K [0x00000000eab00000, 0x00000000eee00000, 0x0000000100000000)
  eden space 63488K, 0% used [0x00000000eab00000,0x00000000eab00000,0x00000000ee900000)
  from space 2560K, 55% used [0x00000000ee900000,0x00000000eea62de0,0x00000000eeb80000)
  to   space 2560K, 0% used [0x00000000eeb80000,0x00000000eeb80000,0x00000000eee00000)
 ParOldGen       total 61952K, used 22076K [0x00000000c0000000, 0x00000000c3c80000, 0x00000000eab00000)
  object space 61952K, 35% used [0x00000000c0000000,0x00000000c158f200,0x00000000c3c80000)
 Metaspace       used 6411K, capacity 7184K, committed 7424K, reserved 1056768K
  class space    used 630K, capacity 648K, committed 768K, reserved 1048576K

Card table byte_map: [0x00007ffcac392000,0x00007ffcac593000] byte_map_base: 0x00007ffcabd92000

Marking Bits: (ParMarkBitMap*) 0x00007ffcae5f1800
 Begin Bits: [0x00007ffc96dfe000, 0x00007ffc97dfe000)
 End Bits:   [0x00007ffc97dfe000, 0x00007ffc98dfe000)

Polling page: 0x00007ffcaf423000

CodeCache: size=245760Kb used=4944Kb max_used=4955Kb free=240815Kb
 bounds [0x00007ffc99000000, 0x00007ffc994e0000, 0x00007ffca8000000]
 total_blobs=1876 nmethods=1588 adapters=203
 compilation: enabled

Compilation events (10 events):
Event: 1.643 Thread 0x00007ffca8174000 nmethod 1624% 0x00007ffc994d6750 code [0x00007ffc994d68c0, 0x00007ffc994d6ae8]
Event: 1.643 Thread 0x00007ffca8174000 1612       4       com.android.dx.io.instructions.InstructionCodec$10::decode (50 bytes)
Event: 1.645 Thread 0x00007ffca8174000 nmethod 1612 0x00007ffc994d6290 code [0x00007ffc994d6400, 0x00007ffc994d65d8]
Event: 1.646 Thread 0x00007ffca8174000 1625       4       sun.security.provider.DigestBase::engineUpdate (188 bytes)
Event: 1.653 Thread 0x00007ffca8174000 nmethod 1625 0x00007ffc994cdf50 code [0x00007ffc994ce0c0, 0x00007ffc994ce448]
Event: 1.653 Thread 0x00007ffca8174000 1622       4       com.android.dx.io.instructions.InstructionCodec$10::encode (30 bytes)
Event: 1.656 Thread 0x00007ffca8174000 nmethod 1622 0x00007ffc994cd910 code [0x00007ffc994cda80, 0x00007ffc994cdc78]
Event: 1.656 Thread 0x00007ffca8174000 1615       4       com.android.dx.io.instructions.ShortArrayCodeOutput::write (11 bytes)
Event: 1.657 Thread 0x00007ffca8174000 nmethod 1615 0x00007ffc994d5f50 code [0x00007ffc994d60a0, 0x00007ffc994d6198]
Event: 1.657 Thread 0x00007ffca8174000 1626 %     4       com.android.dx.merge.DexMerger$IdMerger::mergeSorted @ 125 (381 bytes)

GC Heap History (10 events):
Event: 0.632 GC heap after
Heap after GC invocations=1 (full 0):
 PSYoungGen      total 18432K, used 2533K [0x00000000eab00000, 0x00000000ecf00000, 0x0000000100000000)
  eden space 15872K, 0% used [0x00000000eab00000,0x00000000eab00000,0x00000000eba80000)
  from space 2560K, 98% used [0x00000000eba80000,0x00000000ebcf9408,0x00000000ebd00000)
  to   space 2560K, 0% used [0x00000000ecc80000,0x00000000ecc80000,0x00000000ecf00000)
 ParOldGen       total 42496K, used 2843K [0x00000000c0000000, 0x00000000c2980000, 0x00000000eab00000)
  object space 42496K, 6% used [0x00000000c0000000,0x00000000c02c6de8,0x00000000c2980000)
 Metaspace       used 4807K, capacity 6288K, committed 6528K, reserved 1056768K
  class space    used 481K, capacity 584K, committed 640K, reserved 1048576K
}
Event: 0.708 GC heap before
{Heap before GC invocations=2 (full 0):
 PSYoungGen      total 18432K, used 18405K [0x00000000eab00000, 0x00000000ecf00000, 0x0000000100000000)
  eden space 15872K, 100% used [0x00000000eab00000,0x00000000eba80000,0x00000000eba80000)
  from space 2560K, 98% used [0x00000000eba80000,0x00000000ebcf9408,0x00000000ebd00000)
  to   space 2560K, 0% used [0x00000000ecc80000,0x00000000ecc80000,0x00000000ecf00000)
 ParOldGen       total 42496K, used 2843K [0x00000000c0000000, 0x00000000c2980000, 0x00000000eab00000)
  object space 42496K, 6% used [0x00000000c0000000,0x00000000c02c6de8,0x00000000c2980000)
 Metaspace       used 5026K, capacity 6416K, committed 6528K, reserved 1056768K
  class space    used 501K, capacity 584K, committed 640K, reserved 1048576K
Event: 0.713 GC heap after
Heap after GC invocations=2 (full 0):
 PSYoungGen      total 34304K, used 2546K [0x00000000eab00000, 0x00000000ecf00000, 0x0000000100000000)
  eden space 31744K, 0% used [0x00000000eab00000,0x00000000eab00000,0x00000000eca00000)
  from space 2560K, 99% used [0x00000000ecc80000,0x00000000ecefca30,0x00000000ecf00000)
  to   space 2560K, 0% used [0x00000000eca00000,0x00000000eca00000,0x00000000ecc80000)
 ParOldGen       total 42496K, used 6218K [0x00000000c0000000, 0x00000000c2980000, 0x00000000eab00000)
  object space 42496K, 14% used [0x00000000c0000000,0x00000000c06128d0,0x00000000c2980000)
 Metaspace       used 5026K, capacity 6416K, committed 6528K, reserved 1056768K
  class space    used 501K, capacity 584K, committed 640K, reserved 1048576K
}
Event: 1.200 GC heap before
{Heap before GC invocations=3 (full 0):
 PSYoungGen      total 34304K, used 34290K [0x00000000eab00000, 0x00000000ecf00000, 0x0000000100000000)
  eden space 31744K, 100% used [0x00000000eab00000,0x00000000eca00000,0x00000000eca00000)
  from space 2560K, 99% used [0x00000000ecc80000,0x00000000ecefca30,0x00000000ecf00000)
  to   space 2560K, 0% used [0x00000000eca00000,0x00000000eca00000,0x00000000ecc80000)
 ParOldGen       total 42496K, used 6218K [0x00000000c0000000, 0x00000000c2980000, 0x00000000eab00000)
  object space 42496K, 14% used [0x00000000c0000000,0x00000000c06128d0,0x00000000c2980000)
 Metaspace       used 6377K, capacity 7184K, committed 7424K, reserved 1056768K
  class space    used 630K, capacity 648K, committed 768K, reserved 1048576K
Event: 1.210 GC heap after
Heap after GC invocations=3 (full 0):
 PSYoungGen      total 34304K, used 2538K [0x00000000eab00000, 0x00000000eee00000, 0x0000000100000000)
  eden space 31744K, 0% used [0x00000000eab00000,0x00000000eab00000,0x00000000eca00000)
  from space 2560K, 99% used [0x00000000eca00000,0x00000000ecc7a968,0x00000000ecc80000)
  to   space 2560K, 0% used [0x00000000eeb80000,0x00000000eeb80000,0x00000000eee00000)
 ParOldGen       total 42496K, used 13283K [0x00000000c0000000, 0x00000000c2980000, 0x00000000eab00000)
  object space 42496K, 31% used [0x00000000c0000000,0x00000000c0cf8db8,0x00000000c2980000)
 Metaspace       used 6377K, capacity 7184K, committed 7424K, reserved 1056768K
  class space    used 630K, capacity 648K, committed 768K, reserved 1048576K
}
Event: 1.338 GC heap before
{Heap before GC invocations=4 (full 0):
 PSYoungGen      total 34304K, used 34282K [0x00000000eab00000, 0x00000000eee00000, 0x0000000100000000)
  eden space 31744K, 100% used [0x00000000eab00000,0x00000000eca00000,0x00000000eca00000)
  from space 2560K, 99% used [0x00000000eca00000,0x00000000ecc7a968,0x00000000ecc80000)
  to   space 2560K, 0% used [0x00000000eeb80000,0x00000000eeb80000,0x00000000eee00000)
 ParOldGen       total 42496K, used 13283K [0x00000000c0000000, 0x00000000c2980000, 0x00000000eab00000)
  object space 42496K, 31% used [0x00000000c0000000,0x00000000c0cf8db8,0x00000000c2980000)
 Metaspace       used 6390K, capacity 7184K, committed 7424K, reserved 1056768K
  class space    used 630K, capacity 648K, committed 768K, reserved 1048576K
Event: 1.359 GC heap after
Heap after GC invocations=4 (full 0):
 PSYoungGen      total 66048K, used 2558K [0x00000000eab00000, 0x00000000eee00000, 0x0000000100000000)
  eden space 63488K, 0% used [0x00000000eab00000,0x00000000eab00000,0x00000000ee900000)
  from space 2560K, 99% used [0x00000000eeb80000,0x00000000eedff8e0,0x00000000eee00000)
  to   space 2560K, 0% used [0x00000000ee900000,0x00000000ee900000,0x00000000eeb80000)
 ParOldGen       total 42496K, used 36830K [0x00000000c0000000, 0x00000000c2980000, 0x00000000eab00000)
  object space 42496K, 86% used [0x00000000c0000000,0x00000000c23f78d8,0x00000000c2980000)
 Metaspace       used 6390K, capacity 7184K, committed 7424K, reserved 1056768K
  class space    used 630K, capacity 648K, committed 768K, reserved 1048576K
}
Event: 1.359 GC heap before
{Heap before GC invocations=5 (full 1):
 PSYoungGen      total 66048K, used 2558K [0x00000000eab00000, 0x00000000eee00000, 0x0000000100000000)
  eden space 63488K, 0% used [0x00000000eab00000,0x00000000eab00000,0x00000000ee900000)
  from space 2560K, 99% used [0x00000000eeb80000,0x00000000eedff8e0,0x00000000eee00000)
  to   space 2560K, 0% used [0x00000000ee900000,0x00000000ee900000,0x00000000eeb80000)
 ParOldGen       total 42496K, used 36830K [0x00000000c0000000, 0x00000000c2980000, 0x00000000eab00000)
  object space 42496K, 86% used [0x00000000c0000000,0x00000000c23f78d8,0x00000000c2980000)
 Metaspace       used 6390K, capacity 7184K, committed 7424K, reserved 1056768K
  class space    used 630K, capacity 648K, committed 768K, reserved 1048576K
Event: 1.408 GC heap after
Heap after GC invocations=5 (full 1):
 PSYoungGen      total 66048K, used 0K [0x00000000eab00000, 0x00000000eee00000, 0x0000000100000000)
  eden space 63488K, 0% used [0x00000000eab00000,0x00000000eab00000,0x00000000ee900000)
  from space 2560K, 0% used [0x00000000eeb80000,0x00000000eeb80000,0x00000000eee00000)
  to   space 2560K, 0% used [0x00000000ee900000,0x00000000ee900000,0x00000000eeb80000)
 ParOldGen       total 61952K, used 17717K [0x00000000c0000000, 0x00000000c3c80000, 0x00000000eab00000)
  object space 61952K, 28% used [0x00000000c0000000,0x00000000c114d6a8,0x00000000c3c80000)
 Metaspace       used 6390K, capacity 7184K, committed 7424K, reserved 1056768K
  class space    used 630K, capacity 648K, committed 768K, reserved 1048576K
}
Event: 1.662 GC heap before
{Heap before GC invocations=6 (full 1):
 PSYoungGen      total 66048K, used 63488K [0x00000000eab00000, 0x00000000eee00000, 0x0000000100000000)
  eden space 63488K, 100% used [0x00000000eab00000,0x00000000ee900000,0x00000000ee900000)
  from space 2560K, 0% used [0x00000000eeb80000,0x00000000eeb80000,0x00000000eee00000)
  to   space 2560K, 0% used [0x00000000ee900000,0x00000000ee900000,0x00000000eeb80000)
 ParOldGen       total 61952K, used 17717K [0x00000000c0000000, 0x00000000c3c80000, 0x00000000eab00000)
  object space 61952K, 28% used [0x00000000c0000000,0x00000000c114d6a8,0x00000000c3c80000)
 Metaspace       used 6411K, capacity 7184K, committed 7424K, reserved 1056768K
  class space    used 630K, capacity 648K, committed 768K, reserved 1048576K

Deoptimization events (10 events):
Event: 0.794 Thread 0x00007ffca8008800 Uncommon trap: reason=class_check action=maybe_recompile pc=0x00007ffc992d86fc method=java.util.HashMap.putVal(ILjava/lang/Object;Ljava/lang/Object;ZZ)Ljava/lang/Object; @ 56
Event: 0.794 Thread 0x00007ffca8008800 Uncommon trap: reason=class_check action=maybe_recompile pc=0x00007ffc992d86fc method=java.util.HashMap.putVal(ILjava/lang/Object;Ljava/lang/Object;ZZ)Ljava/lang/Object; @ 56
Event: 0.794 Thread 0x00007ffca8008800 Uncommon trap: reason=class_check action=maybe_recompile pc=0x00007ffc992d86fc method=java.util.HashMap.putVal(ILjava/lang/Object;Ljava/lang/Object;ZZ)Ljava/lang/Object; @ 56
Event: 0.795 Thread 0x00007ffca8008800 Uncommon trap: reason=class_check action=maybe_recompile pc=0x00007ffc992d8750 method=java.util.HashMap.putVal(ILjava/lang/Object;Ljava/lang/Object;ZZ)Ljava/lang/Object; @ 152
Event: 0.795 Thread 0x00007ffca8008800 Uncommon trap: reason=class_check action=maybe_recompile pc=0x00007ffc992d8750 method=java.util.HashMap.putVal(ILjava/lang/Object;Ljava/lang/Object;ZZ)Ljava/lang/Object; @ 152
Event: 0.888 Thread 0x00007ffca8008800 Uncommon trap: reason=predicate action=maybe_recompile pc=0x00007ffc9935a92c method=com.android.dex.Leb128.writeUnsignedLeb128(Lcom/android/dex/util/ByteOutput;I)V @ 9
Event: 0.967 Thread 0x00007ffca8008800 Uncommon trap: reason=predicate action=maybe_recompile pc=0x00007ffc993abe38 method=com.android.dex.Leb128.readUnsignedLeb128(Lcom/android/dex/util/ByteInput;)I @ 41
Event: 0.973 Thread 0x00007ffca8008800 Uncommon trap: reason=unreached action=reinterpret pc=0x00007ffc9933984c method=java.util.HashMap.putVal(ILjava/lang/Object;Ljava/lang/Object;ZZ)Ljava/lang/Object; @ 109
Event: 1.054 Thread 0x00007ffca8008800 Uncommon trap: reason=unreached action=reinterpret pc=0x00007ffc99336ccc method=java.util.HashMap.getNode(ILjava/lang/Object;)Ljava/util/HashMap$Node; @ 84
Event: 1.054 Thread 0x00007ffca8008800 Uncommon trap: reason=unreached action=reinterpret pc=0x00007ffc992cb958 method=java.util.HashMap.getNode(ILjava/lang/Object;)Ljava/util/HashMap$Node; @ 84

Internal exceptions (10 events):
Event: 0.909 Thread 0x00007ffca8008800 Exception <a 'java/security/PrivilegedActionException'> (0x00000000eae3d1b8) thrown at [/build/java8-openjdk/src/jdk8u-jdk8u31-b13/hotspot/src/share/vm/prims/jvm.cpp, line 1312]
Event: 0.910 Thread 0x00007ffca8008800 Exception <a 'java/security/PrivilegedActionException'> (0x00000000eae408a8) thrown at [/build/java8-openjdk/src/jdk8u-jdk8u31-b13/hotspot/src/share/vm/prims/jvm.cpp, line 1312]
Event: 0.910 Thread 0x00007ffca8008800 Exception <a 'java/security/PrivilegedActionException'> (0x00000000eae440e8) thrown at [/build/java8-openjdk/src/jdk8u-jdk8u31-b13/hotspot/src/share/vm/prims/jvm.cpp, line 1312]
Event: 0.911 Thread 0x00007ffca8008800 Exception <a 'java/security/PrivilegedActionException'> (0x00000000eae498a0) thrown at [/build/java8-openjdk/src/jdk8u-jdk8u31-b13/hotspot/src/share/vm/prims/jvm.cpp, line 1312]
Event: 0.912 Thread 0x00007ffca8008800 Exception <a 'java/security/PrivilegedActionException'> (0x00000000eae4cab0) thrown at [/build/java8-openjdk/src/jdk8u-jdk8u31-b13/hotspot/src/share/vm/prims/jvm.cpp, line 1312]
Event: 0.912 Thread 0x00007ffca8008800 Exception <a 'java/security/PrivilegedActionException'> (0x00000000eae4fe80) thrown at [/build/java8-openjdk/src/jdk8u-jdk8u31-b13/hotspot/src/share/vm/prims/jvm.cpp, line 1312]
Event: 0.912 Thread 0x00007ffca8008800 Exception <a 'java/security/PrivilegedActionException'> (0x00000000eae53688) thrown at [/build/java8-openjdk/src/jdk8u-jdk8u31-b13/hotspot/src/share/vm/prims/jvm.cpp, line 1312]
Event: 0.915 Thread 0x00007ffca8008800 Exception <a 'java/security/PrivilegedActionException'> (0x00000000eae9ac90) thrown at [/build/java8-openjdk/src/jdk8u-jdk8u31-b13/hotspot/src/share/vm/prims/jvm.cpp, line 1312]
Event: 0.916 Thread 0x00007ffca8008800 Exception <a 'java/security/PrivilegedActionException'> (0x00000000eae9d200) thrown at [/build/java8-openjdk/src/jdk8u-jdk8u31-b13/hotspot/src/share/vm/prims/jvm.cpp, line 1312]
Event: 1.171 Thread 0x00007ffca8008800 Exception <a 'java/security/PrivilegedActionException'> (0x00000000ec5c8b58) thrown at [/build/java8-openjdk/src/jdk8u-jdk8u31-b13/hotspot/src/share/vm/prims/jvm.cpp, line 1312]

Events (10 events):
Event: 1.452 Thread 0x00007ffca8008800 DEOPT UNPACKING pc=0x00007ffc99047373 sp=0x00007ffcaf3ec040 mode 0
Event: 1.456 Thread 0x00007ffca8008800 DEOPT PACKING pc=0x00007ffc993f194e sp=0x00007ffcaf3ec300
Event: 1.456 Thread 0x00007ffca8008800 DEOPT UNPACKING pc=0x00007ffc99047373 sp=0x00007ffcaf3ec040 mode 0
Event: 1.458 Thread 0x00007ffca8008800 DEOPT PACKING pc=0x00007ffc993f194e sp=0x00007ffcaf3ec300
Event: 1.458 Thread 0x00007ffca8008800 DEOPT UNPACKING pc=0x00007ffc99047373 sp=0x00007ffcaf3ec040 mode 0
Event: 1.459 Thread 0x00007ffca8008800 DEOPT PACKING pc=0x00007ffc993f194e sp=0x00007ffcaf3ec300
Event: 1.459 Thread 0x00007ffca8008800 DEOPT UNPACKING pc=0x00007ffc99047373 sp=0x00007ffcaf3ec040 mode 0
Event: 1.644 Thread 0x00007ffca8008800 DEOPT PACKING pc=0x00007ffc99467893 sp=0x00007ffcaf3ec4b0
Event: 1.644 Thread 0x00007ffca8008800 DEOPT UNPACKING pc=0x00007ffc99047373 sp=0x00007ffcaf3ec248 mode 0
Event: 1.662 Executing VM operation: ParallelGCFailedAllocation


Dynamic libraries:
00400000-00401000 r-xp 00000000 08:04 4471258                            /usr/lib/jvm/java-8-openjdk/jre/bin/java
00600000-00601000 rw-p 00000000 08:04 4471258                            /usr/lib/jvm/java-8-openjdk/jre/bin/java
01e19000-01e3a000 rw-p 00000000 00:00 0                                  [heap]
c0000000-c3c80000 rw-p 00000000 00:00 0 
c3c80000-eab00000 ---p 00000000 00:00 0 
eab00000-eee00000 rw-p 00000000 00:00 0 
f3d00000-100000000 ---p 00000000 00:00 0 
100000000-1000c0000 rw-p 00000000 00:00 0 
1000c0000-140000000 ---p 00000000 00:00 0 
7ffc58000000-7ffc58021000 rw-p 00000000 00:00 0 
7ffc58021000-7ffc5c000000 ---p 00000000 00:00 0 
7ffc5c000000-7ffc5c021000 rw-p 00000000 00:00 0 
7ffc5c021000-7ffc60000000 ---p 00000000 00:00 0 
7ffc60000000-7ffc604f7000 rw-p 00000000 00:00 0 
7ffc604f7000-7ffc64000000 ---p 00000000 00:00 0 
7ffc64000000-7ffc645e6000 rw-p 00000000 00:00 0 
7ffc645e6000-7ffc68000000 ---p 00000000 00:00 0 
7ffc68000000-7ffc68021000 rw-p 00000000 00:00 0 
7ffc68021000-7ffc6c000000 ---p 00000000 00:00 0 
7ffc6c000000-7ffc6c85e000 rw-p 00000000 00:00 0 
7ffc6c85e000-7ffc70000000 ---p 00000000 00:00 0 
7ffc70000000-7ffc70021000 rw-p 00000000 00:00 0 
7ffc70021000-7ffc74000000 ---p 00000000 00:00 0 
7ffc74000000-7ffc74021000 rw-p 00000000 00:00 0 
7ffc74021000-7ffc78000000 ---p 00000000 00:00 0 
7ffc78000000-7ffc78021000 rw-p 00000000 00:00 0 
7ffc78021000-7ffc7c000000 ---p 00000000 00:00 0 
7ffc7c000000-7ffc7c07c000 rw-p 00000000 00:00 0 
7ffc7c07c000-7ffc80000000 ---p 00000000 00:00 0 
7ffc80000000-7ffc80021000 rw-p 00000000 00:00 0 
7ffc80021000-7ffc84000000 ---p 00000000 00:00 0 
7ffc88000000-7ffc88021000 rw-p 00000000 00:00 0 
7ffc88021000-7ffc8c000000 ---p 00000000 00:00 0 
7ffc90000000-7ffc90021000 rw-p 00000000 00:00 0 
7ffc90021000-7ffc94000000 ---p 00000000 00:00 0 
7ffc94819000-7ffc9481a000 ---p 00000000 00:00 0 
7ffc9481a000-7ffc9491a000 rw-p 00000000 00:00 0                          [stack:31627]
7ffc9491a000-7ffc9491d000 ---p 00000000 00:00 0 
7ffc9491d000-7ffc94a1b000 rw-p 00000000 00:00 0                          [stack:31626]
7ffc94a1b000-7ffc94a1e000 ---p 00000000 00:00 0 
7ffc94a1e000-7ffc94b1c000 rw-p 00000000 00:00 0                          [stack:31625]
7ffc94b1c000-7ffc94b1f000 ---p 00000000 00:00 0 
7ffc94b1f000-7ffc94c1d000 rw-p 00000000 00:00 0                          [stack:31624]
7ffc94c1d000-7ffc94c20000 ---p 00000000 00:00 0 
7ffc94c20000-7ffc94d1e000 rw-p 00000000 00:00 0                          [stack:31623]
7ffc94d1e000-7ffc94d21000 ---p 00000000 00:00 0 
7ffc94d21000-7ffc94e1f000 rw-p 00000000 00:00 0                          [stack:31622]
7ffc94e1f000-7ffc94fa8000 r--p 00000000 08:04 3967388                    /usr/lib/locale/locale-archive
7ffc94fa8000-7ffc94fab000 ---p 00000000 00:00 0 
7ffc94fab000-7ffc950a9000 rw-p 00000000 00:00 0                          [stack:31621]
7ffc950a9000-7ffc950ac000 ---p 00000000 00:00 0 
7ffc950ac000-7ffc951aa000 rw-p 00000000 00:00 0                          [stack:31620]
7ffc951aa000-7ffc951ab000 ---p 00000000 00:00 0 
7ffc951ab000-7ffc961ba000 rw-p 00000000 00:00 0                          [stack:31619]
7ffc961ba000-7ffc96388000 r--s 03bb7000 08:04 4471156                    /usr/lib/jvm/java-8-openjdk/jre/lib/rt.jar
7ffc96388000-7ffc96a7e000 rw-p 00000000 00:00 0 
7ffc96a7e000-7ffc96bfe000 ---p 00000000 00:00 0 
7ffc96bfe000-7ffc98dfe000 rw-p 00000000 00:00 0 
7ffc98dfe000-7ffc98dff000 ---p 00000000 00:00 0 
7ffc98dff000-7ffc98eff000 rw-p 00000000 00:00 0                          [stack:31618]
7ffc98eff000-7ffc98f00000 ---p 00000000 00:00 0 
7ffc98f00000-7ffc99000000 rw-p 00000000 00:00 0                          [stack:31617]
7ffc99000000-7ffc994e0000 rwxp 00000000 00:00 0 
7ffc994e0000-7ffca8000000 ---p 00000000 00:00 0 
7ffca8000000-7ffca8290000 rw-p 00000000 00:00 0 
7ffca8290000-7ffcac000000 ---p 00000000 00:00 0 
7ffcac03a000-7ffcac03b000 ---p 00000000 00:00 0 
7ffcac03b000-7ffcac13b000 rw-p 00000000 00:00 0                          [stack:31616]
7ffcac13b000-7ffcac13c000 ---p 00000000 00:00 0 
7ffcac13c000-7ffcac25b000 rw-p 00000000 00:00 0                          [stack:31615]
7ffcac25b000-7ffcac392000 ---p 00000000 00:00 0 
7ffcac392000-7ffcac3b1000 rw-p 00000000 00:00 0 
7ffcac3b1000-7ffcac4e7000 ---p 00000000 00:00 0 
7ffcac4e7000-7ffcac509000 rw-p 00000000 00:00 0 
7ffcac509000-7ffcac592000 ---p 00000000 00:00 0 
7ffcac592000-7ffcac5a7000 rw-p 00000000 00:00 0 
7ffcac5a7000-7ffcac953000 ---p 00000000 00:00 0 
7ffcac953000-7ffcac95b000 r-xp 00000000 08:04 4471225                    /usr/lib/jvm/java-8-openjdk/jre/lib/amd64/libzip.so
7ffcac95b000-7ffcacb5a000 ---p 00008000 08:04 4471225                    /usr/lib/jvm/java-8-openjdk/jre/lib/amd64/libzip.so
7ffcacb5a000-7ffcacb5b000 rw-p 00007000 08:04 4471225                    /usr/lib/jvm/java-8-openjdk/jre/lib/amd64/libzip.so
7ffcacb5b000-7ffcacb66000 r-xp 00000000 08:04 3935261                    /usr/lib/libnss_files-2.20.so
7ffcacb66000-7ffcacd66000 ---p 0000b000 08:04 3935261                    /usr/lib/libnss_files-2.20.so
7ffcacd66000-7ffcacd67000 r--p 0000b000 08:04 3935261                    /usr/lib/libnss_files-2.20.so
7ffcacd67000-7ffcacd68000 rw-p 0000c000 08:04 3935261                    /usr/lib/libnss_files-2.20.so
7ffcacd68000-7ffcacd95000 r-xp 00000000 08:04 4471224                    /usr/lib/jvm/java-8-openjdk/jre/lib/amd64/libjava.so
7ffcacd95000-7ffcacf95000 ---p 0002d000 08:04 4471224                    /usr/lib/jvm/java-8-openjdk/jre/lib/amd64/libjava.so
7ffcacf95000-7ffcacf97000 rw-p 0002d000 08:04 4471224                    /usr/lib/jvm/java-8-openjdk/jre/lib/amd64/libjava.so
7ffcacf97000-7ffcacfa4000 r-xp 00000000 08:04 4471217                    /usr/lib/jvm/java-8-openjdk/jre/lib/amd64/libverify.so
7ffcacfa4000-7ffcad1a3000 ---p 0000d000 08:04 4471217                    /usr/lib/jvm/java-8-openjdk/jre/lib/amd64/libverify.so
7ffcad1a3000-7ffcad1a5000 rw-p 0000c000 08:04 4471217                    /usr/lib/jvm/java-8-openjdk/jre/lib/amd64/libverify.so
7ffcad1a5000-7ffcad1ac000 r-xp 00000000 08:04 3935303                    /usr/lib/librt-2.20.so
7ffcad1ac000-7ffcad3ab000 ---p 00007000 08:04 3935303                    /usr/lib/librt-2.20.so
7ffcad3ab000-7ffcad3ac000 r--p 00006000 08:04 3935303                    /usr/lib/librt-2.20.so
7ffcad3ac000-7ffcad3ad000 rw-p 00007000 08:04 3935303                    /usr/lib/librt-2.20.so
7ffcad3ad000-7ffcad4b0000 r-xp 00000000 08:04 3935291                    /usr/lib/libm-2.20.so
7ffcad4b0000-7ffcad6b0000 ---p 00103000 08:04 3935291                    /usr/lib/libm-2.20.so
7ffcad6b0000-7ffcad6b1000 r--p 00103000 08:04 3935291                    /usr/lib/libm-2.20.so
7ffcad6b1000-7ffcad6b2000 rw-p 00104000 08:04 3935291                    /usr/lib/libm-2.20.so
7ffcad6b2000-7ffcae313000 r-xp 00000000 08:04 4471249                    /usr/lib/jvm/java-8-openjdk/jre/lib/amd64/server/libjvm.so
7ffcae313000-7ffcae513000 ---p 00c61000 08:04 4471249                    /usr/lib/jvm/java-8-openjdk/jre/lib/amd64/server/libjvm.so
7ffcae513000-7ffcae5df000 rw-p 00c61000 08:04 4471249                    /usr/lib/jvm/java-8-openjdk/jre/lib/amd64/server/libjvm.so
7ffcae5df000-7ffcae61e000 rw-p 00000000 00:00 0 
7ffcae61e000-7ffcae7b7000 r-xp 00000000 08:04 3935292                    /usr/lib/libc-2.20.so
7ffcae7b7000-7ffcae9b7000 ---p 00199000 08:04 3935292                    /usr/lib/libc-2.20.so
7ffcae9b7000-7ffcae9bb000 r--p 00199000 08:04 3935292                    /usr/lib/libc-2.20.so
7ffcae9bb000-7ffcae9bd000 rw-p 0019d000 08:04 3935292                    /usr/lib/libc-2.20.so
7ffcae9bd000-7ffcae9c1000 rw-p 00000000 00:00 0 
7ffcae9c1000-7ffcae9c4000 r-xp 00000000 08:04 3935259                    /usr/lib/libdl-2.20.so
7ffcae9c4000-7ffcaebc3000 ---p 00003000 08:04 3935259                    /usr/lib/libdl-2.20.so
7ffcaebc3000-7ffcaebc4000 r--p 00002000 08:04 3935259                    /usr/lib/libdl-2.20.so
7ffcaebc4000-7ffcaebc5000 rw-p 00003000 08:04 3935259                    /usr/lib/libdl-2.20.so
7ffcaebc5000-7ffcaebd2000 r-xp 00000000 08:04 4471246                    /usr/lib/jvm/java-8-openjdk/jre/lib/amd64/jli/libjli.so
7ffcaebd2000-7ffcaedd1000 ---p 0000d000 08:04 4471246                    /usr/lib/jvm/java-8-openjdk/jre/lib/amd64/jli/libjli.so
7ffcaedd1000-7ffcaedd2000 rw-p 0000c000 08:04 4471246                    /usr/lib/jvm/java-8-openjdk/jre/lib/amd64/jli/libjli.so
7ffcaedd2000-7ffcaede7000 r-xp 00000000 08:04 3938566                    /usr/lib/libz.so.1.2.8
7ffcaede7000-7ffcaefe6000 ---p 00015000 08:04 3938566                    /usr/lib/libz.so.1.2.8
7ffcaefe6000-7ffcaefe7000 r--p 00014000 08:04 3938566                    /usr/lib/libz.so.1.2.8
7ffcaefe7000-7ffcaefe8000 rw-p 00015000 08:04 3938566                    /usr/lib/libz.so.1.2.8
7ffcaefe8000-7ffcaefff000 r-xp 00000000 08:04 3935266                    /usr/lib/libpthread-2.20.so
7ffcaefff000-7ffcaf1fe000 ---p 00017000 08:04 3935266                    /usr/lib/libpthread-2.20.so
7ffcaf1fe000-7ffcaf1ff000 r--p 00016000 08:04 3935266                    /usr/lib/libpthread-2.20.so
7ffcaf1ff000-7ffcaf200000 rw-p 00017000 08:04 3935266                    /usr/lib/libpthread-2.20.so
7ffcaf200000-7ffcaf204000 rw-p 00000000 00:00 0 
7ffcaf204000-7ffcaf226000 r-xp 00000000 08:04 3935263                    /usr/lib/ld-2.20.so
7ffcaf245000-7ffcaf2ed000 rw-p 00000000 00:00 0 
7ffcaf2ed000-7ffcaf2f0000 ---p 00000000 00:00 0 
7ffcaf2f0000-7ffcaf3f3000 rw-p 00000000 00:00 0                          [stack:31614]
7ffcaf3f3000-7ffcaf3f7000 r--s 00094000 08:04 4471153                    /usr/lib/jvm/java-8-openjdk/jre/lib/jsse.jar
7ffcaf3f7000-7ffcaf406000 r--s 000dd000 08:04 2228648                    /home/rasse/downloads/adt-bundle-linux-x86_64-20140702/sdk/build-tools/21.1.2/lib/dx.jar
7ffcaf406000-7ffcaf41a000 rw-p 00000000 00:00 0 
7ffcaf41a000-7ffcaf422000 rw-s 00000000 00:20 652338                     /tmp/hsperfdata_rasse/31605
7ffcaf422000-7ffcaf423000 rw-p 00000000 00:00 0 
7ffcaf423000-7ffcaf424000 ---p 00000000 00:00 0 
7ffcaf424000-7ffcaf425000 rw-p 00000000 00:00 0 
7ffcaf425000-7ffcaf426000 r--p 00021000 08:04 3935263                    /usr/lib/ld-2.20.so
7ffcaf426000-7ffcaf427000 rw-p 00022000 08:04 3935263                    /usr/lib/ld-2.20.so
7ffcaf427000-7ffcaf428000 rw-p 00000000 00:00 0 
7fff31660000-7fff31682000 rw-p 00000000 00:00 0                          [stack]
7fff316a7000-7fff316a9000 r--p 00000000 00:00 0                          [vvar]
7fff316a9000-7fff316ab000 r-xp 00000000 00:00 0                          [vdso]
ffffffffff600000-ffffffffff601000 r-xp 00000000 00:00 0                  [vsyscall]

VM Arguments:
jvm_args: -Xmx1024M 
java_command: /home/rasse/downloads/adt-bundle-linux-x86_64-20140702/sdk/build-tools/21.1.2/lib/dx.jar --dex --no-optimize --output /home/rasse/AndroidStudioProjects/RuokalistatforWear/mobile/build/intermediates/dex/debug --input-list=/home/rasse/AndroidStudioProjects/RuokalistatforWear/mobile/build/intermediates/tmp/dex/debug/inputList.txt
java_class_path (initial): /home/rasse/downloads/adt-bundle-linux-x86_64-20140702/sdk/build-tools/21.1.2/lib/dx.jar
Launcher Type: SUN_STANDARD

Environment Variables:
CLASSPATH=./../lib/bootstrap.jar:./../lib/extensions.jar:./../lib/util.jar:./../lib/jdom.jar:./../lib/log4j.jar:./../lib/trove4j.jar:./../lib/jna.jar:/usr/lib/jvm/java-8-openjdk/lib/tools.jar
PATH=/home/rasse/bin:/home/rasse/dev/sh:/home/rasse/apps/android-sdk/sdk/tools:/home/rasse/apps/android-sdk/sdk/platform-tools:/home/rasse/apps/android-sdk/ndk/android-ndk-r8d:/home/rasse/.gem/ruby/2.2.0/bin:/usr/local/bin:/usr/local/sbin:/usr/bin:/usr/lib/jvm/default/bin:/usr/bin/site_perl:/usr/bin/vendor_perl:/usr/bin/core_perl
LD_LIBRARY_PATH=.:
SHELL=/bin/zsh
DISPLAY=:0

Signal Handlers:
SIGSEGV: [libjvm.so+0xa5cbe0], sa_mask[0]=11111111011111111101111111111110, sa_flags=SA_RESTART|SA_SIGINFO
SIGBUS: [libjvm.so+0xa5cbe0], sa_mask[0]=11111111011111111101111111111110, sa_flags=SA_RESTART|SA_SIGINFO
SIGFPE: [libjvm.so+0x8b11b0], sa_mask[0]=11111111011111111101111111111110, sa_flags=SA_RESTART|SA_SIGINFO
SIGPIPE: [libjvm.so+0x8b11b0], sa_mask[0]=11111111011111111101111111111110, sa_flags=SA_RESTART|SA_SIGINFO
SIGXFSZ: [libjvm.so+0x8b11b0], sa_mask[0]=11111111011111111101111111111110, sa_flags=SA_RESTART|SA_SIGINFO
SIGILL: [libjvm.so+0x8b11b0], sa_mask[0]=11111111011111111101111111111110, sa_flags=SA_RESTART|SA_SIGINFO
SIGUSR1: SIG_DFL, sa_mask[0]=00000000000000000000000000000000, sa_flags=none
SIGUSR2: [libjvm.so+0x8b1060], sa_mask[0]=00100000000000000000000000000000, sa_flags=SA_RESTART|SA_SIGINFO
SIGHUP: [libjvm.so+0x8b1280], sa_mask[0]=11111111011111111101111111111110, sa_flags=SA_RESTART|SA_SIGINFO
SIGINT: [libjvm.so+0x8b1280], sa_mask[0]=11111111011111111101111111111110, sa_flags=SA_RESTART|SA_SIGINFO
SIGTERM: [libjvm.so+0x8b1280], sa_mask[0]=11111111011111111101111111111110, sa_flags=SA_RESTART|SA_SIGINFO
SIGQUIT: [libjvm.so+0x8b1280], sa_mask[0]=11111111011111111101111111111110, sa_flags=SA_RESTART|SA_SIGINFO


---------------  S Y S T E M  ---------------

OS:NAME="Arch Linux"
ID=arch
PRETTY_NAME="Arch Linux"
ANSI_COLOR="0;36"
HOME_URL="https://www.archlinux.org/"
SUPPORT_URL="https://bbs.archlinux.org/"
BUG_REPORT_URL="https://bugs.archlinux.org/"


uname:Linux 3.18.4-1-ARCH #1 SMP PREEMPT Tue Jan 27 20:45:02 CET 2015 x86_64
libc:glibc 2.20 NPTL 2.20 
rlimit: STACK 8192k, CORE infinity, NPROC 15238, NOFILE 4096, AS infinity
load average:1.39 1.30 1.06

/proc/meminfo:
MemTotal:        3961808 kB
MemFree:           91964 kB
MemAvailable:      44312 kB
Buffers:             748 kB
Cached:           806340 kB
SwapCached:         6244 kB
Active:          2715244 kB
Inactive:         954072 kB
Active(anon):    2712052 kB
Inactive(anon):   921344 kB
Active(file):       3192 kB
Inactive(file):    32728 kB
Unevictable:       15352 kB
Mlocked:           15352 kB
SwapTotal:       2047996 kB
SwapFree:              0 kB
Dirty:               120 kB
Writeback:          1240 kB
AnonPages:       2872640 kB
Mapped:            87684 kB
Shmem:            764528 kB
Slab:              70088 kB
SReclaimable:      37716 kB
SUnreclaim:        32372 kB
KernelStack:        7488 kB
PageTables:        33540 kB
NFS_Unstable:          0 kB
Bounce:                0 kB
WritebackTmp:          0 kB
CommitLimit:     4028900 kB
Committed_AS:    9780596 kB
VmallocTotal:   34359738367 kB
VmallocUsed:      465000 kB
VmallocChunk:   34359261892 kB
HardwareCorrupted:     0 kB
AnonHugePages:   1085440 kB
HugePages_Total:       0
HugePages_Free:        0
HugePages_Rsvd:        0
HugePages_Surp:        0
Hugepagesize:       2048 kB
DirectMap4k:      170796 kB
DirectMap2M:     3934208 kB


CPU:total 4 (2 cores per cpu, 2 threads per core) family 6 model 42 stepping 7, cmov, cx8, fxsr, mmx, sse, sse2, sse3, ssse3, sse4.1, sse4.2, popcnt, avx, aes, clmul, ht, tsc, tscinvbit

/proc/cpuinfo:
processor	: 0
vendor_id	: GenuineIntel
cpu family	: 6
model		: 42
model name	: Intel(R) Core(TM) i7-2677M CPU @ 1.80GHz
stepping	: 7
microcode	: 0x1a
cpu MHz		: 1230.750
cache size	: 4096 KB
physical id	: 0
siblings	: 4
core id		: 0
cpu cores	: 2
apicid		: 0
initial apicid	: 0
fpu		: yes
fpu_exception	: yes
cpuid level	: 13
wp		: yes
flags		: fpu vme de pse tsc msr pae mce cx8 apic sep mtrr pge mca cmov pat pse36 clflush dts acpi mmx fxsr sse sse2 ss ht tm pbe syscall nx rdtscp lm constant_tsc arch_perfmon pebs bts rep_good nopl xtopology nonstop_tsc aperfmperf eagerfpu pni pclmulqdq dtes64 monitor ds_cpl vmx smx est tm2 ssse3 cx16 xtpr pdcm pcid sse4_1 sse4_2 x2apic popcnt tsc_deadline_timer aes xsave avx lahf_lm ida arat pln pts dtherm tpr_shadow vnmi flexpriority ept vpid xsaveopt
bugs		:
bogomips	: 3601.10
clflush size	: 64
cache_alignment	: 64
address sizes	: 36 bits physical, 48 bits virtual
power management:

processor	: 1
vendor_id	: GenuineIntel
cpu family	: 6
model		: 42
model name	: Intel(R) Core(TM) i7-2677M CPU @ 1.80GHz
stepping	: 7
microcode	: 0x1a
cpu MHz		: 1340.859
cache size	: 4096 KB
physical id	: 0
siblings	: 4
core id		: 1
cpu cores	: 2
apicid		: 2
initial apicid	: 2
fpu		: yes
fpu_exception	: yes
cpuid level	: 13
wp		: yes
flags		: fpu vme de pse tsc msr pae mce cx8 apic sep mtrr pge mca cmov pat pse36 clflush dts acpi mmx fxsr sse sse2 ss ht tm pbe syscall nx rdtscp lm constant_tsc arch_perfmon pebs bts rep_good nopl xtopology nonstop_tsc aperfmperf eagerfpu pni pclmulqdq dtes64 monitor ds_cpl vmx smx est tm2 ssse3 cx16 xtpr pdcm pcid sse4_1 sse4_2 x2apic popcnt tsc_deadline_timer aes xsave avx lahf_lm ida arat pln pts dtherm tpr_shadow vnmi flexpriority ept vpid xsaveopt
bugs		:
bogomips	: 3601.10
clflush size	: 64
cache_alignment	: 64
address sizes	: 36 bits physical, 48 bits virtual
power management:

processor	: 2
vendor_id	: GenuineIntel
cpu family	: 6
model		: 42
model name	: Intel(R) Core(TM) i7-2677M CPU @ 1.80GHz
stepping	: 7
microcode	: 0x1a
cpu MHz		: 1399.148
cache size	: 4096 KB
physical id	: 0
siblings	: 4
core id		: 0
cpu cores	: 2
apicid		: 1
initial apicid	: 1
fpu		: yes
fpu_exception	: yes
cpuid level	: 13
wp		: yes
flags		: fpu vme de pse tsc msr pae mce cx8 apic sep mtrr pge mca cmov pat pse36 clflush dts acpi mmx fxsr sse sse2 ss ht tm pbe syscall nx rdtscp lm constant_tsc arch_perfmon pebs bts rep_good nopl xtopology nonstop_tsc aperfmperf eagerfpu pni pclmulqdq dtes64 monitor ds_cpl vmx smx est tm2 ssse3 cx16 xtpr pdcm pcid sse4_1 sse4_2 x2apic popcnt tsc_deadline_timer aes xsave avx lahf_lm ida arat pln pts dtherm tpr_shadow vnmi flexpriority ept vpid xsaveopt
bugs		:
bogomips	: 3601.10
clflush size	: 64
cache_alignment	: 64
address sizes	: 36 bits physical, 48 bits virtual
power management:

processor	: 3
vendor_id	: GenuineIntel
cpu family	: 6
model		: 42
model name	: Intel(R) Core(TM) i7-2677M CPU @ 1.80GHz
stepping	: 7
microcode	: 0x1a
cpu MHz		: 1219.710
cache size	: 4096 KB
physical id	: 0
siblings	: 4
core id		: 1
cpu cores	: 2
apicid		: 3
initial apicid	: 3
fpu		: yes
fpu_exception	: yes
cpuid level	: 13
wp		: yes
flags		: fpu vme de pse tsc msr pae mce cx8 apic sep mtrr pge mca cmov pat pse36 clflush dts acpi mmx fxsr sse sse2 ss ht tm pbe syscall nx rdtscp lm constant_tsc arch_perfmon pebs bts rep_good nopl xtopology nonstop_tsc aperfmperf eagerfpu pni pclmulqdq dtes64 monitor ds_cpl vmx smx est tm2 ssse3 cx16 xtpr pdcm pcid sse4_1 sse4_2 x2apic popcnt tsc_deadline_timer aes xsave avx lahf_lm ida arat pln pts dtherm tpr_shadow vnmi flexpriority ept vpid xsaveopt
bugs		:
bogomips	: 3601.10
clflush size	: 64
cache_alignment	: 64
address sizes	: 36 bits physical, 48 bits virtual
power management:



Memory: 4k page, physical 3961808k(91716k free), swap 2047996k(0k free)

vm_info: OpenJDK 64-Bit Server VM (25.31-b07) for linux-amd64 JRE (1.8.0_31-b13), built on Jan 22 2015 21:30:59 by "builduser" with gcc 4.9.2 20141224 (prerelease)

time: Sat Feb 21 21:28:19 2015
elapsed time: 3 seconds (0d 0h 0m 3s)

