#
# There is insufficient memory for the Java Runtime Environment to continue.
# Native memory allocation (mmap) failed to map 81264640 bytes for committing reserved memory.
# Possible reasons:
#   The system is out of physical RAM or swap space
#   In 32 bit mode, the process size limit was hit
# Possible solutions:
#   Reduce memory load on the system
#   Increase physical memory or swap space
#   Check if swap backing store is full
#   Use 64 bit Java on a 64 bit OS
#   Decrease Java heap size (-Xmx/-Xms)
#   Decrease number of Java threads
#   Decrease Java thread stack sizes (-Xss)
#   Set larger code cache with -XX:ReservedCodeCacheSize=
# This output file may be truncated or incomplete.
#
#  Out of Memory Error (os_linux.cpp:2671), pid=31440, tid=140042318059264
#
# JRE version: OpenJDK Runtime Environment (8.0_31-b13) (build 1.8.0_31-b13)
# Java VM: OpenJDK 64-Bit Server VM (25.31-b07 mixed mode linux-amd64 compressed oops)
# Core dump written. Default location: /home/rasse/AndroidStudioProjects/RuokalistatforWear/core or core.31440
#

---------------  T H R E A D  ---------------

Current thread (0x00007f5e3c13a800):  VMThread [stack: 0x00007f5e248f1000,0x00007f5e249f2000] [id=31454]

Stack: [0x00007f5e248f1000,0x00007f5e249f2000],  sp=0x00007f5e249f04f0,  free space=1021k
Native frames: (J=compiled Java code, j=interpreted, Vv=VM code, C=native code)
V  [libjvm.so+0xa5c127]
V  [libjvm.so+0x4daaac]
V  [libjvm.so+0x8b54d0]
V  [libjvm.so+0x8b051e]
V  [libjvm.so+0x926b0b]
V  [libjvm.so+0x928463]
V  [libjvm.so+0x924b9e]
V  [libjvm.so+0x924e8c]
V  [libjvm.so+0x8da1c3]
V  [libjvm.so+0xa5d942]
V  [libjvm.so+0xa62967]
V  [libjvm.so+0xa60aac]
V  [libjvm.so+0xa612c7]
V  [libjvm.so+0xa61801]
V  [libjvm.so+0x8b29d2]

VM_Operation (0x00007f5e42bf7450): ParallelGCFailedAllocation, mode: safepoint, requested by thread 0x00007f5e3c008800


---------------  P R O C E S S  ---------------

Java Threads: ( => current thread )
  0x00007f5e3c179000 JavaThread "Service Thread" daemon [_thread_blocked, id=31461, stack(0x00007f5e24061000,0x00007f5e24162000)]
  0x00007f5e3c175800 JavaThread "C1 CompilerThread2" daemon [_thread_blocked, id=31460, stack(0x00007f5e24162000,0x00007f5e24263000)]
  0x00007f5e3c174000 JavaThread "C2 CompilerThread1" daemon [_thread_blocked, id=31459, stack(0x00007f5e24263000,0x00007f5e24364000)]
  0x00007f5e3c171000 JavaThread "C2 CompilerThread0" daemon [_thread_blocked, id=31458, stack(0x00007f5e24364000,0x00007f5e24465000)]
  0x00007f5e3c16f000 JavaThread "Signal Dispatcher" daemon [_thread_blocked, id=31457, stack(0x00007f5e24465000,0x00007f5e24566000)]
  0x00007f5e3c141800 JavaThread "Finalizer" daemon [_thread_blocked, id=31456, stack(0x00007f5e246ef000,0x00007f5e247f0000)]
  0x00007f5e3c13f800 JavaThread "Reference Handler" daemon [_thread_blocked, id=31455, stack(0x00007f5e247f0000,0x00007f5e248f1000)]
  0x00007f5e3c008800 JavaThread "main" [_thread_blocked, id=31449, stack(0x00007f5e42af8000,0x00007f5e42bf9000)]

Other Threads:
=>0x00007f5e3c13a800 VMThread [stack: 0x00007f5e248f1000,0x00007f5e249f2000] [id=31454]
  0x00007f5e3c197800 WatcherThread [stack: 0x00007f5df7eff000,0x00007f5df8000000] [id=31462]

VM state:at safepoint (normal execution)

VM Mutex/Monitor currently owned by a thread:  ([mutex/lock_event])
[0x00007f5e3c0061a0] Threads_lock - owner thread: 0x00007f5e3c13a800
[0x00007f5e3c0066a0] Heap_lock - owner thread: 0x00007f5e3c008800

Heap:
 PSYoungGen      total 66048K, used 539K [0x00000000eab00000, 0x00000000eee00000, 0x0000000100000000)
  eden space 63488K, 0% used [0x00000000eab00000,0x00000000eab00000,0x00000000ee900000)
  from space 2560K, 21% used [0x00000000ee900000,0x00000000ee986db0,0x00000000eeb80000)
  to   space 2560K, 0% used [0x00000000eeb80000,0x00000000eeb80000,0x00000000eee00000)
 ParOldGen       total 63488K, used 22155K [0x00000000c0000000, 0x00000000c3e00000, 0x00000000eab00000)
  object space 63488K, 34% used [0x00000000c0000000,0x00000000c15a2d18,0x00000000c3e00000)
 Metaspace       used 6404K, capacity 7184K, committed 7424K, reserved 1056768K
  class space    used 630K, capacity 648K, committed 768K, reserved 1048576K

Card table byte_map: [0x00007f5e2ca3f000,0x00007f5e2cc40000] byte_map_base: 0x00007f5e2c43f000

Marking Bits: (ParMarkBitMap*) 0x00007f5e41dfc800
 Begin Bits: [0x00007f5e26000000, 0x00007f5e27000000)
 End Bits:   [0x00007f5e27000000, 0x00007f5e28000000)

Polling page: 0x00007f5e42c2e000

CodeCache: size=245760Kb used=4895Kb max_used=4906Kb free=240864Kb
 bounds [0x00007f5e2d000000, 0x00007f5e2d4e0000, 0x00007f5e3c000000]
 total_blobs=1847 nmethods=1559 adapters=203
 compilation: enabled

Compilation events (10 events):
Event: 4.390 Thread 0x00007f5e3c174000 nmethod 1543 0x00007f5e2d4c1410 code [0x00007f5e2d4c1560, 0x00007f5e2d4c1638]
Event: 4.390 Thread 0x00007f5e3c174000 1544       4       com.android.dx.merge.DexMerger$6::write (9 bytes)
Event: 4.392 Thread 0x00007f5e3c171000 nmethod 1553 0x00007f5e2d4c0210 code [0x00007f5e2d4c0380, 0x00007f5e2d4c0578]
Event: 4.392 Thread 0x00007f5e3c171000 1545       4       com.android.dex.MethodId::compareTo (9 bytes)
Event: 4.394 Thread 0x00007f5e3c171000 nmethod 1545 0x00007f5e2d4bc010 code [0x00007f5e2d4bc160, 0x00007f5e2d4bc258]
Event: 4.394 Thread 0x00007f5e3c171000 1546       4       com.android.dex.MethodId::compareTo (58 bytes)
Event: 4.395 Thread 0x00007f5e3c171000 nmethod 1546 0x00007f5e2d4cf650 code [0x00007f5e2d4cf7a0, 0x00007f5e2d4cf858]
Event: 4.395 Thread 0x00007f5e3c171000 1524       4       com.android.dx.merge.DexMerger$2::read (8 bytes)
Event: 4.399 Thread 0x00007f5e3c174000 nmethod 1544 0x00007f5e2d4ce210 code [0x00007f5e2d4ce3e0, 0x00007f5e2d4ce9e8]
Event: 4.399 Thread 0x00007f5e3c171000 nmethod 1524 0x00007f5e2d4c2650 code [0x00007f5e2d4c27e0, 0x00007f5e2d4c2ac8]

GC Heap History (10 events):
Event: 0.648 GC heap after
Heap after GC invocations=1 (full 0):
 PSYoungGen      total 18432K, used 2553K [0x00000000eab00000, 0x00000000ecf00000, 0x0000000100000000)
  eden space 15872K, 0% used [0x00000000eab00000,0x00000000eab00000,0x00000000eba80000)
  from space 2560K, 99% used [0x00000000eba80000,0x00000000ebcfe5e0,0x00000000ebd00000)
  to   space 2560K, 0% used [0x00000000ecc80000,0x00000000ecc80000,0x00000000ecf00000)
 ParOldGen       total 42496K, used 2826K [0x00000000c0000000, 0x00000000c2980000, 0x00000000eab00000)
  object space 42496K, 6% used [0x00000000c0000000,0x00000000c02c2800,0x00000000c2980000)
 Metaspace       used 4795K, capacity 6288K, committed 6528K, reserved 1056768K
  class space    used 481K, capacity 584K, committed 640K, reserved 1048576K
}
Event: 0.758 GC heap before
{Heap before GC invocations=2 (full 0):
 PSYoungGen      total 18432K, used 18425K [0x00000000eab00000, 0x00000000ecf00000, 0x0000000100000000)
  eden space 15872K, 100% used [0x00000000eab00000,0x00000000eba80000,0x00000000eba80000)
  from space 2560K, 99% used [0x00000000eba80000,0x00000000ebcfe5e0,0x00000000ebd00000)
  to   space 2560K, 0% used [0x00000000ecc80000,0x00000000ecc80000,0x00000000ecf00000)
 ParOldGen       total 42496K, used 2826K [0x00000000c0000000, 0x00000000c2980000, 0x00000000eab00000)
  object space 42496K, 6% used [0x00000000c0000000,0x00000000c02c2800,0x00000000c2980000)
 Metaspace       used 5007K, capacity 6416K, committed 6528K, reserved 1056768K
  class space    used 501K, capacity 584K, committed 640K, reserved 1048576K
Event: 0.777 GC heap after
Heap after GC invocations=2 (full 0):
 PSYoungGen      total 34304K, used 2260K [0x00000000eab00000, 0x00000000ecf00000, 0x0000000100000000)
  eden space 31744K, 0% used [0x00000000eab00000,0x00000000eab00000,0x00000000eca00000)
  from space 2560K, 88% used [0x00000000ecc80000,0x00000000eceb53a0,0x00000000ecf00000)
  to   space 2560K, 0% used [0x00000000eca00000,0x00000000eca00000,0x00000000ecc80000)
 ParOldGen       total 42496K, used 6575K [0x00000000c0000000, 0x00000000c2980000, 0x00000000eab00000)
  object space 42496K, 15% used [0x00000000c0000000,0x00000000c066bdc8,0x00000000c2980000)
 Metaspace       used 5007K, capacity 6416K, committed 6528K, reserved 1056768K
  class space    used 501K, capacity 584K, committed 640K, reserved 1048576K
}
Event: 1.498 GC heap before
{Heap before GC invocations=3 (full 0):
 PSYoungGen      total 34304K, used 34004K [0x00000000eab00000, 0x00000000ecf00000, 0x0000000100000000)
  eden space 31744K, 100% used [0x00000000eab00000,0x00000000eca00000,0x00000000eca00000)
  from space 2560K, 88% used [0x00000000ecc80000,0x00000000eceb53a0,0x00000000ecf00000)
  to   space 2560K, 0% used [0x00000000eca00000,0x00000000eca00000,0x00000000ecc80000)
 ParOldGen       total 42496K, used 6575K [0x00000000c0000000, 0x00000000c2980000, 0x00000000eab00000)
  object space 42496K, 15% used [0x00000000c0000000,0x00000000c066bdc8,0x00000000c2980000)
 Metaspace       used 6372K, capacity 7120K, committed 7424K, reserved 1056768K
  class space    used 630K, capacity 648K, committed 768K, reserved 1048576K
Event: 1.522 GC heap after
Heap after GC invocations=3 (full 0):
 PSYoungGen      total 34304K, used 2539K [0x00000000eab00000, 0x00000000eee00000, 0x0000000100000000)
  eden space 31744K, 0% used [0x00000000eab00000,0x00000000eab00000,0x00000000eca00000)
  from space 2560K, 99% used [0x00000000eca00000,0x00000000ecc7aff0,0x00000000ecc80000)
  to   space 2560K, 0% used [0x00000000eeb80000,0x00000000eeb80000,0x00000000eee00000)
 ParOldGen       total 42496K, used 10965K [0x00000000c0000000, 0x00000000c2980000, 0x00000000eab00000)
  object space 42496K, 25% used [0x00000000c0000000,0x00000000c0ab5410,0x00000000c2980000)
 Metaspace       used 6372K, capacity 7120K, committed 7424K, reserved 1056768K
  class space    used 630K, capacity 648K, committed 768K, reserved 1048576K
}
Event: 1.761 GC heap before
{Heap before GC invocations=4 (full 0):
 PSYoungGen      total 34304K, used 34283K [0x00000000eab00000, 0x00000000eee00000, 0x0000000100000000)
  eden space 31744K, 100% used [0x00000000eab00000,0x00000000eca00000,0x00000000eca00000)
  from space 2560K, 99% used [0x00000000eca00000,0x00000000ecc7aff0,0x00000000ecc80000)
  to   space 2560K, 0% used [0x00000000eeb80000,0x00000000eeb80000,0x00000000eee00000)
 ParOldGen       total 42496K, used 10965K [0x00000000c0000000, 0x00000000c2980000, 0x00000000eab00000)
  object space 42496K, 25% used [0x00000000c0000000,0x00000000c0ab5410,0x00000000c2980000)
 Metaspace       used 6393K, capacity 7184K, committed 7424K, reserved 1056768K
  class space    used 630K, capacity 648K, committed 768K, reserved 1048576K
Event: 1.921 GC heap after
Heap after GC invocations=4 (full 0):
 PSYoungGen      total 66048K, used 2555K [0x00000000eab00000, 0x00000000eee00000, 0x0000000100000000)
  eden space 63488K, 0% used [0x00000000eab00000,0x00000000eab00000,0x00000000ee900000)
  from space 2560K, 99% used [0x00000000eeb80000,0x00000000eedfefe0,0x00000000eee00000)
  to   space 2560K, 0% used [0x00000000ee900000,0x00000000ee900000,0x00000000eeb80000)
 ParOldGen       total 42496K, used 36847K [0x00000000c0000000, 0x00000000c2980000, 0x00000000eab00000)
  object space 42496K, 86% used [0x00000000c0000000,0x00000000c23fbc88,0x00000000c2980000)
 Metaspace       used 6393K, capacity 7184K, committed 7424K, reserved 1056768K
  class space    used 630K, capacity 648K, committed 768K, reserved 1048576K
}
Event: 1.924 GC heap before
{Heap before GC invocations=5 (full 1):
 PSYoungGen      total 66048K, used 2555K [0x00000000eab00000, 0x00000000eee00000, 0x0000000100000000)
  eden space 63488K, 0% used [0x00000000eab00000,0x00000000eab00000,0x00000000ee900000)
  from space 2560K, 99% used [0x00000000eeb80000,0x00000000eedfefe0,0x00000000eee00000)
  to   space 2560K, 0% used [0x00000000ee900000,0x00000000ee900000,0x00000000eeb80000)
 ParOldGen       total 42496K, used 36847K [0x00000000c0000000, 0x00000000c2980000, 0x00000000eab00000)
  object space 42496K, 86% used [0x00000000c0000000,0x00000000c23fbc88,0x00000000c2980000)
 Metaspace       used 6393K, capacity 7184K, committed 7424K, reserved 1056768K
  class space    used 630K, capacity 648K, committed 768K, reserved 1048576K
Event: 2.213 GC heap after
Heap after GC invocations=5 (full 1):
 PSYoungGen      total 66048K, used 0K [0x00000000eab00000, 0x00000000eee00000, 0x0000000100000000)
  eden space 63488K, 0% used [0x00000000eab00000,0x00000000eab00000,0x00000000ee900000)
  from space 2560K, 0% used [0x00000000eeb80000,0x00000000eeb80000,0x00000000eee00000)
  to   space 2560K, 0% used [0x00000000ee900000,0x00000000ee900000,0x00000000eeb80000)
 ParOldGen       total 63488K, used 17796K [0x00000000c0000000, 0x00000000c3e00000, 0x00000000eab00000)
  object space 63488K, 28% used [0x00000000c0000000,0x00000000c11611c0,0x00000000c3e00000)
 Metaspace       used 6393K, capacity 7184K, committed 7424K, reserved 1056768K
  class space    used 630K, capacity 648K, committed 768K, reserved 1048576K
}
Event: 4.591 GC heap before
{Heap before GC invocations=6 (full 1):
 PSYoungGen      total 66048K, used 63488K [0x00000000eab00000, 0x00000000eee00000, 0x0000000100000000)
  eden space 63488K, 100% used [0x00000000eab00000,0x00000000ee900000,0x00000000ee900000)
  from space 2560K, 0% used [0x00000000eeb80000,0x00000000eeb80000,0x00000000eee00000)
  to   space 2560K, 0% used [0x00000000ee900000,0x00000000ee900000,0x00000000eeb80000)
 ParOldGen       total 63488K, used 17796K [0x00000000c0000000, 0x00000000c3e00000, 0x00000000eab00000)
  object space 63488K, 28% used [0x00000000c0000000,0x00000000c11611c0,0x00000000c3e00000)
 Metaspace       used 6404K, capacity 7184K, committed 7424K, reserved 1056768K
  class space    used 630K, capacity 648K, committed 768K, reserved 1048576K

Deoptimization events (10 events):
Event: 0.869 Thread 0x00007f5e3c008800 Uncommon trap: reason=class_check action=maybe_recompile pc=0x00007f5e2d2c96fc method=java.util.HashMap.putVal(ILjava/lang/Object;Ljava/lang/Object;ZZ)Ljava/lang/Object; @ 56
Event: 0.869 Thread 0x00007f5e3c008800 Uncommon trap: reason=class_check action=maybe_recompile pc=0x00007f5e2d2c96fc method=java.util.HashMap.putVal(ILjava/lang/Object;Ljava/lang/Object;ZZ)Ljava/lang/Object; @ 56
Event: 0.869 Thread 0x00007f5e3c008800 Uncommon trap: reason=class_check action=maybe_recompile pc=0x00007f5e2d2c96fc method=java.util.HashMap.putVal(ILjava/lang/Object;Ljava/lang/Object;ZZ)Ljava/lang/Object; @ 56
Event: 0.869 Thread 0x00007f5e3c008800 Uncommon trap: reason=class_check action=maybe_recompile pc=0x00007f5e2d2c9750 method=java.util.HashMap.putVal(ILjava/lang/Object;Ljava/lang/Object;ZZ)Ljava/lang/Object; @ 152
Event: 0.869 Thread 0x00007f5e3c008800 Uncommon trap: reason=class_check action=maybe_recompile pc=0x00007f5e2d2c9750 method=java.util.HashMap.putVal(ILjava/lang/Object;Ljava/lang/Object;ZZ)Ljava/lang/Object; @ 152
Event: 0.960 Thread 0x00007f5e3c008800 Uncommon trap: reason=predicate action=maybe_recompile pc=0x00007f5e2d343fe4 method=com.android.dex.Leb128.writeUnsignedLeb128(Lcom/android/dex/util/ByteOutput;I)V @ 9
Event: 1.097 Thread 0x00007f5e3c008800 Uncommon trap: reason=predicate action=maybe_recompile pc=0x00007f5e2d393d78 method=com.android.dex.Leb128.readUnsignedLeb128(Lcom/android/dex/util/ByteInput;)I @ 41
Event: 1.104 Thread 0x00007f5e3c008800 Uncommon trap: reason=unreached action=reinterpret pc=0x00007f5e2d31f50c method=java.util.HashMap.putVal(ILjava/lang/Object;Ljava/lang/Object;ZZ)Ljava/lang/Object; @ 109
Event: 1.215 Thread 0x00007f5e3c008800 Uncommon trap: reason=unreached action=reinterpret pc=0x00007f5e2d2a92c0 method=java.util.HashMap.getNode(ILjava/lang/Object;)Ljava/util/HashMap$Node; @ 84
Event: 1.215 Thread 0x00007f5e3c008800 Uncommon trap: reason=unreached action=reinterpret pc=0x00007f5e2d2ac798 method=java.util.HashMap.getNode(ILjava/lang/Object;)Ljava/util/HashMap$Node; @ 84

Internal exceptions (10 events):
Event: 0.988 Thread 0x00007f5e3c008800 Exception <a 'java/security/PrivilegedActionException'> (0x00000000eae3c978) thrown at [/build/java8-openjdk/src/jdk8u-jdk8u31-b13/hotspot/src/share/vm/prims/jvm.cpp, line 1312]
Event: 0.988 Thread 0x00007f5e3c008800 Exception <a 'java/security/PrivilegedActionException'> (0x00000000eae40068) thrown at [/build/java8-openjdk/src/jdk8u-jdk8u31-b13/hotspot/src/share/vm/prims/jvm.cpp, line 1312]
Event: 0.989 Thread 0x00007f5e3c008800 Exception <a 'java/security/PrivilegedActionException'> (0x00000000eae438a8) thrown at [/build/java8-openjdk/src/jdk8u-jdk8u31-b13/hotspot/src/share/vm/prims/jvm.cpp, line 1312]
Event: 0.990 Thread 0x00007f5e3c008800 Exception <a 'java/security/PrivilegedActionException'> (0x00000000eae49060) thrown at [/build/java8-openjdk/src/jdk8u-jdk8u31-b13/hotspot/src/share/vm/prims/jvm.cpp, line 1312]
Event: 0.991 Thread 0x00007f5e3c008800 Exception <a 'java/security/PrivilegedActionException'> (0x00000000eae4c270) thrown at [/build/java8-openjdk/src/jdk8u-jdk8u31-b13/hotspot/src/share/vm/prims/jvm.cpp, line 1312]
Event: 0.991 Thread 0x00007f5e3c008800 Exception <a 'java/security/PrivilegedActionException'> (0x00000000eae4f640) thrown at [/build/java8-openjdk/src/jdk8u-jdk8u31-b13/hotspot/src/share/vm/prims/jvm.cpp, line 1312]
Event: 0.992 Thread 0x00007f5e3c008800 Exception <a 'java/security/PrivilegedActionException'> (0x00000000eae52e48) thrown at [/build/java8-openjdk/src/jdk8u-jdk8u31-b13/hotspot/src/share/vm/prims/jvm.cpp, line 1312]
Event: 0.995 Thread 0x00007f5e3c008800 Exception <a 'java/security/PrivilegedActionException'> (0x00000000eae9a450) thrown at [/build/java8-openjdk/src/jdk8u-jdk8u31-b13/hotspot/src/share/vm/prims/jvm.cpp, line 1312]
Event: 0.996 Thread 0x00007f5e3c008800 Exception <a 'java/security/PrivilegedActionException'> (0x00000000eae9c9c0) thrown at [/build/java8-openjdk/src/jdk8u-jdk8u31-b13/hotspot/src/share/vm/prims/jvm.cpp, line 1312]
Event: 1.366 Thread 0x00007f5e3c008800 Exception <a 'java/security/PrivilegedActionException'> (0x00000000ec006e68) thrown at [/build/java8-openjdk/src/jdk8u-jdk8u31-b13/hotspot/src/share/vm/prims/jvm.cpp, line 1312]

Events (10 events):
Event: 3.841 Thread 0x00007f5e3c008800 DEOPT UNPACKING pc=0x00007f5e2d047373 sp=0x00007f5e42bf7040 mode 0
Event: 3.859 Thread 0x00007f5e3c008800 DEOPT PACKING pc=0x00007f5e2d3db90e sp=0x00007f5e42bf7300
Event: 3.859 Thread 0x00007f5e3c008800 DEOPT UNPACKING pc=0x00007f5e2d047373 sp=0x00007f5e42bf7040 mode 0
Event: 3.865 Thread 0x00007f5e3c008800 DEOPT PACKING pc=0x00007f5e2d3db90e sp=0x00007f5e42bf7300
Event: 3.865 Thread 0x00007f5e3c008800 DEOPT UNPACKING pc=0x00007f5e2d047373 sp=0x00007f5e42bf7040 mode 0
Event: 3.869 Thread 0x00007f5e3c008800 DEOPT PACKING pc=0x00007f5e2d3db90e sp=0x00007f5e42bf7300
Event: 3.869 Thread 0x00007f5e3c008800 DEOPT UNPACKING pc=0x00007f5e2d047373 sp=0x00007f5e42bf7040 mode 0
Event: 4.364 Thread 0x00007f5e3c008800 DEOPT PACKING pc=0x00007f5e2d4660d9 sp=0x00007f5e42bf7590
Event: 4.364 Thread 0x00007f5e3c008800 DEOPT UNPACKING pc=0x00007f5e2d047373 sp=0x00007f5e42bf7330 mode 0
Event: 4.586 Executing VM operation: ParallelGCFailedAllocation


Dynamic libraries:
00400000-00401000 r-xp 00000000 08:04 4471258                            /usr/lib/jvm/java-8-openjdk/jre/bin/java
00600000-00601000 rw-p 00000000 08:04 4471258                            /usr/lib/jvm/java-8-openjdk/jre/bin/java
019be000-019df000 rw-p 00000000 00:00 0                                  [heap]
c0000000-c3e00000 rw-p 00000000 00:00 0 
c3e00000-eab00000 ---p 00000000 00:00 0 
eab00000-eee00000 rw-p 00000000 00:00 0 
f3b80000-100000000 ---p 00000000 00:00 0 
100000000-1000c0000 rw-p 00000000 00:00 0 
1000c0000-140000000 ---p 00000000 00:00 0 
7f5df0000000-7f5df0021000 rw-p 00000000 00:00 0 
7f5df0021000-7f5df4000000 ---p 00000000 00:00 0 
7f5df7eff000-7f5df7f00000 ---p 00000000 00:00 0 
7f5df7f00000-7f5df8000000 rw-p 00000000 00:00 0                          [stack:31462]
7f5df8000000-7f5df8585000 rw-p 00000000 00:00 0 
7f5df8585000-7f5dfc000000 ---p 00000000 00:00 0 
7f5dfc000000-7f5dfc021000 rw-p 00000000 00:00 0 
7f5dfc021000-7f5e00000000 ---p 00000000 00:00 0 
7f5e00000000-7f5e00580000 rw-p 00000000 00:00 0 
7f5e00580000-7f5e04000000 ---p 00000000 00:00 0 
7f5e04000000-7f5e04448000 rw-p 00000000 00:00 0 
7f5e04448000-7f5e08000000 ---p 00000000 00:00 0 
7f5e08000000-7f5e08021000 rw-p 00000000 00:00 0 
7f5e08021000-7f5e0c000000 ---p 00000000 00:00 0 
7f5e0c000000-7f5e0c021000 rw-p 00000000 00:00 0 
7f5e0c021000-7f5e10000000 ---p 00000000 00:00 0 
7f5e10000000-7f5e1007c000 rw-p 00000000 00:00 0 
7f5e1007c000-7f5e14000000 ---p 00000000 00:00 0 
7f5e14000000-7f5e14021000 rw-p 00000000 00:00 0 
7f5e14021000-7f5e18000000 ---p 00000000 00:00 0 
7f5e18000000-7f5e18021000 rw-p 00000000 00:00 0 
7f5e18021000-7f5e1c000000 ---p 00000000 00:00 0 
7f5e1c000000-7f5e1c021000 rw-p 00000000 00:00 0 
7f5e1c021000-7f5e20000000 ---p 00000000 00:00 0 
7f5e20000000-7f5e20021000 rw-p 00000000 00:00 0 
7f5e20021000-7f5e24000000 ---p 00000000 00:00 0 
7f5e24061000-7f5e24064000 ---p 00000000 00:00 0 
7f5e24064000-7f5e24162000 rw-p 00000000 00:00 0                          [stack:31461]
7f5e24162000-7f5e24165000 ---p 00000000 00:00 0 
7f5e24165000-7f5e24263000 rw-p 00000000 00:00 0                          [stack:31460]
7f5e24263000-7f5e24266000 ---p 00000000 00:00 0 
7f5e24266000-7f5e24364000 rw-p 00000000 00:00 0                          [stack:31459]
7f5e24364000-7f5e24367000 ---p 00000000 00:00 0 
7f5e24367000-7f5e24465000 rw-p 00000000 00:00 0                          [stack:31458]
7f5e24465000-7f5e24468000 ---p 00000000 00:00 0 
7f5e24468000-7f5e24566000 rw-p 00000000 00:00 0                          [stack:31457]
7f5e24566000-7f5e246ef000 r--p 00000000 08:04 3967388                    /usr/lib/locale/locale-archive
7f5e246ef000-7f5e246f2000 ---p 00000000 00:00 0 
7f5e246f2000-7f5e247f0000 rw-p 00000000 00:00 0                          [stack:31456]
7f5e247f0000-7f5e247f3000 ---p 00000000 00:00 0 
7f5e247f3000-7f5e248f1000 rw-p 00000000 00:00 0                          [stack:31455]
7f5e248f1000-7f5e248f2000 ---p 00000000 00:00 0 
7f5e248f2000-7f5e25e80000 rw-p 00000000 00:00 0                          [stack:31454]
7f5e25e80000-7f5e26000000 ---p 00000000 00:00 0 
7f5e26000000-7f5e28000000 rw-p 00000000 00:00 0 
7f5e28000000-7f5e28021000 rw-p 00000000 00:00 0 
7f5e28021000-7f5e2c000000 ---p 00000000 00:00 0 
7f5e2c0f6000-7f5e2c1f7000 rw-p 00000000 00:00 0 
7f5e2c1f7000-7f5e2c3c5000 r--s 03bb7000 08:04 4471156                    /usr/lib/jvm/java-8-openjdk/jre/lib/rt.jar
7f5e2c3c5000-7f5e2c63b000 rw-p 00000000 00:00 0 
7f5e2c63b000-7f5e2c63c000 ---p 00000000 00:00 0 
7f5e2c63c000-7f5e2c73c000 rw-p 00000000 00:00 0                          [stack:31453]
7f5e2c73c000-7f5e2c73d000 ---p 00000000 00:00 0 
7f5e2c73d000-7f5e2c83d000 rw-p 00000000 00:00 0                          [stack:31452]
7f5e2c83d000-7f5e2c83e000 ---p 00000000 00:00 0 
7f5e2c83e000-7f5e2c93e000 rw-p 00000000 00:00 0                          [stack:31451]
7f5e2c93e000-7f5e2c93f000 ---p 00000000 00:00 0 
7f5e2c93f000-7f5e2ca5e000 rw-p 00000000 00:00 0                          [stack:31450]
7f5e2ca5e000-7f5e2cb94000 ---p 00000000 00:00 0 
7f5e2cb94000-7f5e2cbb6000 rw-p 00000000 00:00 0 
7f5e2cbb6000-7f5e2cc3f000 ---p 00000000 00:00 0 
7f5e2cc3f000-7f5e2cc54000 rw-p 00000000 00:00 0 
7f5e2cc54000-7f5e2d000000 ---p 00000000 00:00 0 
7f5e2d000000-7f5e2d4e0000 rwxp 00000000 00:00 0 
7f5e2d4e0000-7f5e3c000000 ---p 00000000 00:00 0 
7f5e3c000000-7f5e3c29e000 rw-p 00000000 00:00 0 
7f5e3c29e000-7f5e40000000 ---p 00000000 00:00 0 
7f5e40008000-7f5e40027000 rw-p 00000000 00:00 0 
7f5e40027000-7f5e4015e000 ---p 00000000 00:00 0 
7f5e4015e000-7f5e40166000 r-xp 00000000 08:04 4471225                    /usr/lib/jvm/java-8-openjdk/jre/lib/amd64/libzip.so
7f5e40166000-7f5e40365000 ---p 00008000 08:04 4471225                    /usr/lib/jvm/java-8-openjdk/jre/lib/amd64/libzip.so
7f5e40365000-7f5e40366000 rw-p 00007000 08:04 4471225                    /usr/lib/jvm/java-8-openjdk/jre/lib/amd64/libzip.so
7f5e40366000-7f5e40371000 r-xp 00000000 08:04 3935261                    /usr/lib/libnss_files-2.20.so
7f5e40371000-7f5e40571000 ---p 0000b000 08:04 3935261                    /usr/lib/libnss_files-2.20.so
7f5e40571000-7f5e40572000 r--p 0000b000 08:04 3935261                    /usr/lib/libnss_files-2.20.so
7f5e40572000-7f5e40573000 rw-p 0000c000 08:04 3935261                    /usr/lib/libnss_files-2.20.so
7f5e40573000-7f5e405a0000 r-xp 00000000 08:04 4471224                    /usr/lib/jvm/java-8-openjdk/jre/lib/amd64/libjava.so
7f5e405a0000-7f5e407a0000 ---p 0002d000 08:04 4471224                    /usr/lib/jvm/java-8-openjdk/jre/lib/amd64/libjava.so
7f5e407a0000-7f5e407a2000 rw-p 0002d000 08:04 4471224                    /usr/lib/jvm/java-8-openjdk/jre/lib/amd64/libjava.so
7f5e407a2000-7f5e407af000 r-xp 00000000 08:04 4471217                    /usr/lib/jvm/java-8-openjdk/jre/lib/amd64/libverify.so
7f5e407af000-7f5e409ae000 ---p 0000d000 08:04 4471217                    /usr/lib/jvm/java-8-openjdk/jre/lib/amd64/libverify.so
7f5e409ae000-7f5e409b0000 rw-p 0000c000 08:04 4471217                    /usr/lib/jvm/java-8-openjdk/jre/lib/amd64/libverify.so
7f5e409b0000-7f5e409b7000 r-xp 00000000 08:04 3935303                    /usr/lib/librt-2.20.so
7f5e409b7000-7f5e40bb6000 ---p 00007000 08:04 3935303                    /usr/lib/librt-2.20.so
7f5e40bb6000-7f5e40bb7000 r--p 00006000 08:04 3935303                    /usr/lib/librt-2.20.so
7f5e40bb7000-7f5e40bb8000 rw-p 00007000 08:04 3935303                    /usr/lib/librt-2.20.so
7f5e40bb8000-7f5e40cbb000 r-xp 00000000 08:04 3935291                    /usr/lib/libm-2.20.so
7f5e40cbb000-7f5e40ebb000 ---p 00103000 08:04 3935291                    /usr/lib/libm-2.20.so
7f5e40ebb000-7f5e40ebc000 r--p 00103000 08:04 3935291                    /usr/lib/libm-2.20.so
7f5e40ebc000-7f5e40ebd000 rw-p 00104000 08:04 3935291                    /usr/lib/libm-2.20.so
7f5e40ebd000-7f5e41b1e000 r-xp 00000000 08:04 4471249                    /usr/lib/jvm/java-8-openjdk/jre/lib/amd64/server/libjvm.so
7f5e41b1e000-7f5e41d1e000 ---p 00c61000 08:04 4471249                    /usr/lib/jvm/java-8-openjdk/jre/lib/amd64/server/libjvm.so
7f5e41d1e000-7f5e41dea000 rw-p 00c61000 08:04 4471249                    /usr/lib/jvm/java-8-openjdk/jre/lib/amd64/server/libjvm.so
7f5e41dea000-7f5e41e29000 rw-p 00000000 00:00 0 
7f5e41e29000-7f5e41fc2000 r-xp 00000000 08:04 3935292                    /usr/lib/libc-2.20.so
7f5e41fc2000-7f5e421c2000 ---p 00199000 08:04 3935292                    /usr/lib/libc-2.20.so
7f5e421c2000-7f5e421c6000 r--p 00199000 08:04 3935292                    /usr/lib/libc-2.20.so
7f5e421c6000-7f5e421c8000 rw-p 0019d000 08:04 3935292                    /usr/lib/libc-2.20.so
7f5e421c8000-7f5e421cc000 rw-p 00000000 00:00 0 
7f5e421cc000-7f5e421cf000 r-xp 00000000 08:04 3935259                    /usr/lib/libdl-2.20.so
7f5e421cf000-7f5e423ce000 ---p 00003000 08:04 3935259                    /usr/lib/libdl-2.20.so
7f5e423ce000-7f5e423cf000 r--p 00002000 08:04 3935259                    /usr/lib/libdl-2.20.so
7f5e423cf000-7f5e423d0000 rw-p 00003000 08:04 3935259                    /usr/lib/libdl-2.20.so
7f5e423d0000-7f5e423dd000 r-xp 00000000 08:04 4471246                    /usr/lib/jvm/java-8-openjdk/jre/lib/amd64/jli/libjli.so
7f5e423dd000-7f5e425dc000 ---p 0000d000 08:04 4471246                    /usr/lib/jvm/java-8-openjdk/jre/lib/amd64/jli/libjli.so
7f5e425dc000-7f5e425dd000 rw-p 0000c000 08:04 4471246                    /usr/lib/jvm/java-8-openjdk/jre/lib/amd64/jli/libjli.so
7f5e425dd000-7f5e425f2000 r-xp 00000000 08:04 3938566                    /usr/lib/libz.so.1.2.8
7f5e425f2000-7f5e427f1000 ---p 00015000 08:04 3938566                    /usr/lib/libz.so.1.2.8
7f5e427f1000-7f5e427f2000 r--p 00014000 08:04 3938566                    /usr/lib/libz.so.1.2.8
7f5e427f2000-7f5e427f3000 rw-p 00015000 08:04 3938566                    /usr/lib/libz.so.1.2.8
7f5e427f3000-7f5e4280a000 r-xp 00000000 08:04 3935266                    /usr/lib/libpthread-2.20.so
7f5e4280a000-7f5e42a09000 ---p 00017000 08:04 3935266                    /usr/lib/libpthread-2.20.so
7f5e42a09000-7f5e42a0a000 r--p 00016000 08:04 3935266                    /usr/lib/libpthread-2.20.so
7f5e42a0a000-7f5e42a0b000 rw-p 00017000 08:04 3935266                    /usr/lib/libpthread-2.20.so
7f5e42a0b000-7f5e42a0f000 rw-p 00000000 00:00 0 
7f5e42a0f000-7f5e42a31000 r-xp 00000000 08:04 3935263                    /usr/lib/ld-2.20.so
7f5e42a50000-7f5e42af8000 rw-p 00000000 00:00 0 
7f5e42af8000-7f5e42afb000 ---p 00000000 00:00 0 
7f5e42afb000-7f5e42bfe000 rw-p 00000000 00:00 0                          [stack:31449]
7f5e42bfe000-7f5e42c02000 r--s 00094000 08:04 4471153                    /usr/lib/jvm/java-8-openjdk/jre/lib/jsse.jar
7f5e42c02000-7f5e42c11000 r--s 000dd000 08:04 2228648                    /home/rasse/downloads/adt-bundle-linux-x86_64-20140702/sdk/build-tools/21.1.2/lib/dx.jar
7f5e42c11000-7f5e42c25000 rw-p 00000000 00:00 0 
7f5e42c25000-7f5e42c2d000 rw-s 00000000 00:20 651467                     /tmp/hsperfdata_rasse/31440
7f5e42c2d000-7f5e42c2e000 rw-p 00000000 00:00 0 
7f5e42c2e000-7f5e42c2f000 ---p 00000000 00:00 0 
7f5e42c2f000-7f5e42c30000 rw-p 00000000 00:00 0 
7f5e42c30000-7f5e42c31000 r--p 00021000 08:04 3935263                    /usr/lib/ld-2.20.so
7f5e42c31000-7f5e42c32000 rw-p 00022000 08:04 3935263                    /usr/lib/ld-2.20.so
7f5e42c32000-7f5e42c33000 rw-p 00000000 00:00 0 
7fffaa53a000-7fffaa55c000 rw-p 00000000 00:00 0                          [stack]
7fffaa579000-7fffaa57b000 r--p 00000000 00:00 0                          [vvar]
7fffaa57b000-7fffaa57d000 r-xp 00000000 00:00 0                          [vdso]
ffffffffff600000-ffffffffff601000 r-xp 00000000 00:00 0                  [vsyscall]

VM Arguments:
jvm_args: -Xmx1024M 
java_command: /home/rasse/downloads/adt-bundle-linux-x86_64-20140702/sdk/build-tools/21.1.2/lib/dx.jar --dex --no-optimize --output /home/rasse/AndroidStudioProjects/RuokalistatforWear/mobile/build/intermediates/dex/debug --input-list=/home/rasse/AndroidStudioProjects/RuokalistatforWear/mobile/build/intermediates/tmp/dex/debug/inputList.txt
java_class_path (initial): /home/rasse/downloads/adt-bundle-linux-x86_64-20140702/sdk/build-tools/21.1.2/lib/dx.jar
Launcher Type: SUN_STANDARD

Environment Variables:
CLASSPATH=./../lib/bootstrap.jar:./../lib/extensions.jar:./../lib/util.jar:./../lib/jdom.jar:./../lib/log4j.jar:./../lib/trove4j.jar:./../lib/jna.jar:/usr/lib/jvm/java-8-openjdk/lib/tools.jar
PATH=/home/rasse/bin:/home/rasse/dev/sh:/home/rasse/apps/android-sdk/sdk/tools:/home/rasse/apps/android-sdk/sdk/platform-tools:/home/rasse/apps/android-sdk/ndk/android-ndk-r8d:/home/rasse/.gem/ruby/2.2.0/bin:/usr/local/bin:/usr/local/sbin:/usr/bin:/usr/lib/jvm/default/bin:/usr/bin/site_perl:/usr/bin/vendor_perl:/usr/bin/core_perl
LD_LIBRARY_PATH=.:
SHELL=/bin/zsh
DISPLAY=:0

Signal Handlers:
SIGSEGV: [libjvm.so+0xa5cbe0], sa_mask[0]=11111111011111111101111111111110, sa_flags=SA_RESTART|SA_SIGINFO
SIGBUS: [libjvm.so+0xa5cbe0], sa_mask[0]=11111111011111111101111111111110, sa_flags=SA_RESTART|SA_SIGINFO
SIGFPE: [libjvm.so+0x8b11b0], sa_mask[0]=11111111011111111101111111111110, sa_flags=SA_RESTART|SA_SIGINFO
SIGPIPE: [libjvm.so+0x8b11b0], sa_mask[0]=11111111011111111101111111111110, sa_flags=SA_RESTART|SA_SIGINFO
SIGXFSZ: [libjvm.so+0x8b11b0], sa_mask[0]=11111111011111111101111111111110, sa_flags=SA_RESTART|SA_SIGINFO
SIGILL: [libjvm.so+0x8b11b0], sa_mask[0]=11111111011111111101111111111110, sa_flags=SA_RESTART|SA_SIGINFO
SIGUSR1: SIG_DFL, sa_mask[0]=00000000000000000000000000000000, sa_flags=none
SIGUSR2: [libjvm.so+0x8b1060], sa_mask[0]=00100000000000000000000000000000, sa_flags=SA_RESTART|SA_SIGINFO
SIGHUP: [libjvm.so+0x8b1280], sa_mask[0]=11111111011111111101111111111110, sa_flags=SA_RESTART|SA_SIGINFO
SIGINT: [libjvm.so+0x8b1280], sa_mask[0]=11111111011111111101111111111110, sa_flags=SA_RESTART|SA_SIGINFO
SIGTERM: [libjvm.so+0x8b1280], sa_mask[0]=11111111011111111101111111111110, sa_flags=SA_RESTART|SA_SIGINFO
SIGQUIT: [libjvm.so+0x8b1280], sa_mask[0]=11111111011111111101111111111110, sa_flags=SA_RESTART|SA_SIGINFO


---------------  S Y S T E M  ---------------

OS:NAME="Arch Linux"
ID=arch
PRETTY_NAME="Arch Linux"
ANSI_COLOR="0;36"
HOME_URL="https://www.archlinux.org/"
SUPPORT_URL="https://bbs.archlinux.org/"
BUG_REPORT_URL="https://bugs.archlinux.org/"


uname:Linux 3.18.4-1-ARCH #1 SMP PREEMPT Tue Jan 27 20:45:02 CET 2015 x86_64
libc:glibc 2.20 NPTL 2.20 
rlimit: STACK 8192k, CORE infinity, NPROC 15238, NOFILE 4096, AS infinity
load average:4.41 1.63 1.13

/proc/meminfo:
MemTotal:        3961808 kB
MemFree:           89556 kB
MemAvailable:      53776 kB
Buffers:            2580 kB
Cached:           821760 kB
SwapCached:         5308 kB
Active:          2738064 kB
Inactive:         934140 kB
Active(anon):    2706832 kB
Inactive(anon):   905456 kB
Active(file):      31232 kB
Inactive(file):    28684 kB
Unevictable:       15352 kB
Mlocked:           15352 kB
SwapTotal:       2047996 kB
SwapFree:              0 kB
Dirty:                32 kB
Writeback:            56 kB
AnonPages:       2858936 kB
Mapped:           114128 kB
Shmem:            757844 kB
Slab:              70104 kB
SReclaimable:      37460 kB
SUnreclaim:        32644 kB
KernelStack:        7504 kB
PageTables:        33680 kB
NFS_Unstable:          0 kB
Bounce:                0 kB
WritebackTmp:          0 kB
CommitLimit:     4028900 kB
Committed_AS:    9754384 kB
VmallocTotal:   34359738367 kB
VmallocUsed:      465000 kB
VmallocChunk:   34359261892 kB
HardwareCorrupted:     0 kB
AnonHugePages:   1060864 kB
HugePages_Total:       0
HugePages_Free:        0
HugePages_Rsvd:        0
HugePages_Surp:        0
Hugepagesize:       2048 kB
DirectMap4k:      170796 kB
DirectMap2M:     3934208 kB


CPU:total 4 (2 cores per cpu, 2 threads per core) family 6 model 42 stepping 7, cmov, cx8, fxsr, mmx, sse, sse2, sse3, ssse3, sse4.1, sse4.2, popcnt, avx, aes, clmul, ht, tsc, tscinvbit

/proc/cpuinfo:
processor	: 0
vendor_id	: GenuineIntel
cpu family	: 6
model		: 42
model name	: Intel(R) Core(TM) i7-2677M CPU @ 1.80GHz
stepping	: 7
microcode	: 0x1a
cpu MHz		: 2600.015
cache size	: 4096 KB
physical id	: 0
siblings	: 4
core id		: 0
cpu cores	: 2
apicid		: 0
initial apicid	: 0
fpu		: yes
fpu_exception	: yes
cpuid level	: 13
wp		: yes
flags		: fpu vme de pse tsc msr pae mce cx8 apic sep mtrr pge mca cmov pat pse36 clflush dts acpi mmx fxsr sse sse2 ss ht tm pbe syscall nx rdtscp lm constant_tsc arch_perfmon pebs bts rep_good nopl xtopology nonstop_tsc aperfmperf eagerfpu pni pclmulqdq dtes64 monitor ds_cpl vmx smx est tm2 ssse3 cx16 xtpr pdcm pcid sse4_1 sse4_2 x2apic popcnt tsc_deadline_timer aes xsave avx lahf_lm ida arat pln pts dtherm tpr_shadow vnmi flexpriority ept vpid xsaveopt
bugs		:
bogomips	: 3601.10
clflush size	: 64
cache_alignment	: 64
address sizes	: 36 bits physical, 48 bits virtual
power management:

processor	: 1
vendor_id	: GenuineIntel
cpu family	: 6
model		: 42
model name	: Intel(R) Core(TM) i7-2677M CPU @ 1.80GHz
stepping	: 7
microcode	: 0x1a
cpu MHz		: 2599.945
cache size	: 4096 KB
physical id	: 0
siblings	: 4
core id		: 1
cpu cores	: 2
apicid		: 2
initial apicid	: 2
fpu		: yes
fpu_exception	: yes
cpuid level	: 13
wp		: yes
flags		: fpu vme de pse tsc msr pae mce cx8 apic sep mtrr pge mca cmov pat pse36 clflush dts acpi mmx fxsr sse sse2 ss ht tm pbe syscall nx rdtscp lm constant_tsc arch_perfmon pebs bts rep_good nopl xtopology nonstop_tsc aperfmperf eagerfpu pni pclmulqdq dtes64 monitor ds_cpl vmx smx est tm2 ssse3 cx16 xtpr pdcm pcid sse4_1 sse4_2 x2apic popcnt tsc_deadline_timer aes xsave avx lahf_lm ida arat pln pts dtherm tpr_shadow vnmi flexpriority ept vpid xsaveopt
bugs		:
bogomips	: 3601.10
clflush size	: 64
cache_alignment	: 64
address sizes	: 36 bits physical, 48 bits virtual
power management:

processor	: 2
vendor_id	: GenuineIntel
cpu family	: 6
model		: 42
model name	: Intel(R) Core(TM) i7-2677M CPU @ 1.80GHz
stepping	: 7
microcode	: 0x1a
cpu MHz		: 2599.945
cache size	: 4096 KB
physical id	: 0
siblings	: 4
core id		: 0
cpu cores	: 2
apicid		: 1
initial apicid	: 1
fpu		: yes
fpu_exception	: yes
cpuid level	: 13
wp		: yes
flags		: fpu vme de pse tsc msr pae mce cx8 apic sep mtrr pge mca cmov pat pse36 clflush dts acpi mmx fxsr sse sse2 ss ht tm pbe syscall nx rdtscp lm constant_tsc arch_perfmon pebs bts rep_good nopl xtopology nonstop_tsc aperfmperf eagerfpu pni pclmulqdq dtes64 monitor ds_cpl vmx smx est tm2 ssse3 cx16 xtpr pdcm pcid sse4_1 sse4_2 x2apic popcnt tsc_deadline_timer aes xsave avx lahf_lm ida arat pln pts dtherm tpr_shadow vnmi flexpriority ept vpid xsaveopt
bugs		:
bogomips	: 3601.10
clflush size	: 64
cache_alignment	: 64
address sizes	: 36 bits physical, 48 bits virtual
power management:

processor	: 3
vendor_id	: GenuineIntel
cpu family	: 6
model		: 42
model name	: Intel(R) Core(TM) i7-2677M CPU @ 1.80GHz
stepping	: 7
microcode	: 0x1a
cpu MHz		: 2599.945
cache size	: 4096 KB
physical id	: 0
siblings	: 4
core id		: 1
cpu cores	: 2
apicid		: 3
initial apicid	: 3
fpu		: yes
fpu_exception	: yes
cpuid level	: 13
wp		: yes
flags		: fpu vme de pse tsc msr pae mce cx8 apic sep mtrr pge mca cmov pat pse36 clflush dts acpi mmx fxsr sse sse2 ss ht tm pbe syscall nx rdtscp lm constant_tsc arch_perfmon pebs bts rep_good nopl xtopology nonstop_tsc aperfmperf eagerfpu pni pclmulqdq dtes64 monitor ds_cpl vmx smx est tm2 ssse3 cx16 xtpr pdcm pcid sse4_1 sse4_2 x2apic popcnt tsc_deadline_timer aes xsave avx lahf_lm ida arat pln pts dtherm tpr_shadow vnmi flexpriority ept vpid xsaveopt
bugs		:
bogomips	: 3601.10
clflush size	: 64
cache_alignment	: 64
address sizes	: 36 bits physical, 48 bits virtual
power management:



Memory: 4k page, physical 3961808k(90496k free), swap 2047996k(0k free)

vm_info: OpenJDK 64-Bit Server VM (25.31-b07) for linux-amd64 JRE (1.8.0_31-b13), built on Jan 22 2015 21:30:59 by "builduser" with gcc 4.9.2 20141224 (prerelease)

time: Sat Feb 21 21:26:52 2015
elapsed time: 4 seconds (0d 0h 0m 4s)

